The system is: Windows - 10.0.22000 - AMD64
Compiling the CXX compiler identification source file "CMakeCXXCompilerId.cpp" succeeded.
Compiler:  
Build flags: /MP;/DWIN32;/D_WINDOWS;/DUNICODE;/D_UNICODE;/EHsc;/wd"4996";/wd"4146";/wd"4251";/wd"4668";/wd"5033";/EHsc;/await;/permissive-;;/O2;/Ob2;/DNDEBUG;/Zi
Id flags:  

The output was:
0
MSBuild version 17.5.0-preview-22601-03+a2490dd3f for .NET Framework
Build started 1/20/2023 6:37:04 AM.
Project "C:\kodi-build-wp\build\fmt\src\fmt-build\CMakeFiles\3.25.0-msvc1\CompilerIdCXX\CompilerIdCXX.vcxproj" on node 1 (default targets).
PrepareForBuild:
  Creating directory "Debug\".
  Creating directory "Debug\CompilerIdCXX.tlog\".
InitializeBuildStatus:
  Creating "Debug\CompilerIdCXX.tlog\unsuccessfulbuild" because "AlwaysCreate" was specified.
ClCompile:
  C:\Program Files\Microsoft Visual Studio\2022\Preview\VC\Tools\MSVC\14.41.33901\bin\HostX64\arm\CL.exe /c /nologo /W0 /WX- /diagnostics:column /Od /Oy- /D _ARM_WINAPI_PARTITION_DESKTOP_SDK_AVAILABLE=1 /D _MBCS /Gm- /EHsc /RTC1 /MDd /GS /fp:precise /Zc:wchar_t /Zc:forScope /Zc:inline /Fo"Debug\\" /Fd"Debug\vc143.pdb" /external:W0 /Gd /TP /analyze- /FC /errorReport:queue CMakeCXXCompilerId.cpp
  CMakeCXXCompilerId.cpp
Link:
  C:\Program Files\Microsoft Visual Studio\2022\Preview\VC\Tools\MSVC\14.41.33901\bin\HostX64\arm\link.exe /ERRORREPORT:QUEUE /OUT:".\CompilerIdCXX.exe" /INCREMENTAL:NO /NOLOGO kernel32.lib user32.lib gdi32.lib winspool.lib comdlg32.lib advapi32.lib shell32.lib ole32.lib oleaut32.lib uuid.lib odbc32.lib odbccp32.lib /MANIFEST /MANIFESTUAC:"level='asInvoker' uiAccess='false'" /manifest:embed /PDB:".\CompilerIdCXX.pdb" /SUBSYSTEM:CONSOLE /TLBID:1 /DYNAMICBASE /NXCOMPAT /IMPLIB:".\CompilerIdCXX.lib" /MACHINE:ARM Debug\CMakeCXXCompilerId.obj
  CompilerIdCXX.vcxproj -> C:\kodi-build-wp\build\fmt\src\fmt-build\CMakeFiles\3.25.0-msvc1\CompilerIdCXX\CompilerIdCXX.exe
PostBuildEvent:
  for %%i in (cl.exe) do @echo CMAKE_CXX_COMPILER=%%~$PATH:i
  :VCEnd
  CMAKE_CXX_COMPILER=C:\Program Files\Microsoft Visual Studio\2022\Preview\VC\Tools\MSVC\14.41.33901\bin\Hostx64\arm\cl.exe
FinalizeBuildStatus:
  Deleting file "Debug\CompilerIdCXX.tlog\unsuccessfulbuild".
  Touching "Debug\CompilerIdCXX.tlog\CompilerIdCXX.lastbuildstate".
Done Building Project "C:\kodi-build-wp\build\fmt\src\fmt-build\CMakeFiles\3.25.0-msvc1\CompilerIdCXX\CompilerIdCXX.vcxproj" (default targets).

Build succeeded.
    0 Warning(s)
    0 Error(s)

Time Elapsed 00:00:01.78


Compilation of the CXX compiler identification source "CMakeCXXCompilerId.cpp" produced "CompilerIdCXX.exe"

Compilation of the CXX compiler identification source "CMakeCXXCompilerId.cpp" produced "CompilerIdCXX.vcxproj"

The CXX compiler identification is MSVC, found in "C:/kodi-build-wp/build/fmt/src/fmt-build/CMakeFiles/3.25.0-msvc1/CompilerIdCXX/CompilerIdCXX.exe"

Detecting CXX compiler ABI info compiled with the following output:
Change Dir: C:/kodi-build-wp/build/fmt/src/fmt-build/CMakeFiles/CMakeScratch/TryCompile-98d9ko

Run Build Command(s):C:/Program Files/Microsoft Visual Studio/2022/Preview/MSBuild/Current/Bin/amd64/MSBuild.exe cmTC_94788.vcxproj /p:Configuration=Debug /p:Platform=ARM /p:VisualStudioVersion=17.0 /v:m && MSBuild version 17.5.0-preview-22601-03+a2490dd3f for .NET Framework
  Microsoft (R) C/C++ Optimizing Compiler Version 19.35.32124 for ARM
  CMakeCXXCompilerABI.cpp
  Copyright (C) Microsoft Corporation.  All rights reserved.
  cl /c /Zi /W1 /WX- /diagnostics:column /MP /Od /Ob0 /Oy- /D _ARM_WINAPI_PARTITION_DESKTOP_SDK_AVAILABLE=1 /D _UNICODE /D UNICODE /D WIN32 /D _WINDOWS /D UNICODE /D _UNICODE /D NDEBUG /D "CMAKE_INTDIR=\"Debug\"" /Gm- /EHsc /MDd /GS /fp:precise /Zc:wchar_t /Zc:forScope /Zc:inline /std:c++17 /permissive- /Fo"cmTC_94788.dir\Debug\\" /Fd"cmTC_94788.dir\Debug\vc143.pdb" /external:W1 /Gd /TP /wd4996 /wd4146 /wd4251 /wd4668 /wd5033 /analyze- /errorReport:queue  /await "C:\Program Files\Microsoft Visual Studio\2022\Preview\Common7\IDE\CommonExtensions\Microsoft\CMake\CMake\share\cmake-3.25\Modules\CMakeCXXCompilerABI.cpp"
LINK : warning LNK4075: ignoring '/INCREMENTAL' due to '/OPT:REF' specification [C:\kodi-build-wp\build\fmt\src\fmt-build\CMakeFiles\CMakeScratch\TryCompile-98d9ko\cmTC_94788.vcxproj]
  cmTC_94788.vcxproj -> C:\kodi-build-wp\build\fmt\src\fmt-build\CMakeFiles\CMakeScratch\TryCompile-98d9ko\Debug\cmTC_94788.exe



