c:\kodi-build-wp\kodi.dir\release\vc143.pdb
c:\kodi-build-wp\kodi.dir\release\main.obj
c:\kodi-build-wp\cmakefiles\generate.stamp
c:\kodi-build-wp\kodi.dir\release\resourcehandlingtask.state
c:\kodi-build-wp\kodi.dir\release\kodi.vcxproj.generateresource.cache
c:\kodi-build-wp\kodi.dir\release\priconfig.xml
c:\kodi-build-wp\kodi.dir\release\priconfig.xml.intermediate
c:\kodi-build-wp\kodi.dir\release\unfiltered.layout.resfiles
c:\kodi-build-wp\kodi.dir\release\unfiltered.layout.resfiles.intermediate
c:\kodi-build-wp\kodi.dir\release\filtered.layout.resfiles
c:\kodi-build-wp\kodi.dir\release\filtered.layout.resfiles.intermediate
c:\kodi-build-wp\kodi.dir\release\excluded.layout.resfiles
c:\kodi-build-wp\kodi.dir\release\excluded.layout.resfiles.intermediate
c:\kodi-build-wp\kodi.dir\release\resources.resfiles
c:\kodi-build-wp\kodi.dir\release\resources.resfiles.intermediate
c:\kodi-build-wp\kodi.dir\release\pri.resfiles
c:\kodi-build-wp\kodi.dir\release\pri.resfiles.intermediate
c:\kodi-build-wp\release\resources.pri
c:\kodi-build-wp\kodi.dir\release\qualifiers.txt
c:\kodi-build-wp\kodi.dir\release\qualifiers.txt.intermediate
c:\kodi-build-wp\kodi.dir\release\multiplequalifiersperdimensionfound.txt
c:\kodi-build-wp\kodi.dir\release\projectarchitectures.txt
c:\kodi-build-wp\release\appxmanifest.xml
c:\kodi-build-wp\release\kodi.build.appxrecipe
c:\kodi-build-wp\release\kodi.lib
c:\kodi-build-wp\release\kodi.exp
c:\kodi-build-wp\release\kodi.exe
c:\kodi-build-wp\release\kodi.pdb
c:\kodi-build-wp\kodi.dir\release\kodi.exe.intermediate.manifest
c:\kodi-build-wp\release\kodi.manifest
c:\kodi-build-wp\kodi.dir\release\kodi.tlog\cl.command.1.tlog
c:\kodi-build-wp\kodi.dir\release\kodi.tlog\cl.items.tlog
c:\kodi-build-wp\kodi.dir\release\kodi.tlog\cl.read.1.tlog
c:\kodi-build-wp\kodi.dir\release\kodi.tlog\cl.write.1.tlog
c:\kodi-build-wp\kodi.dir\release\kodi.tlog\custombuild.command.1.tlog
c:\kodi-build-wp\kodi.dir\release\kodi.tlog\custombuild.read.1.tlog
c:\kodi-build-wp\kodi.dir\release\kodi.tlog\custombuild.write.1.tlog
c:\kodi-build-wp\kodi.dir\release\kodi.tlog\kodi.read.1u.tlog
c:\kodi-build-wp\kodi.dir\release\kodi.tlog\kodi.write.1u.tlog
c:\kodi-build-wp\kodi.dir\release\kodi.tlog\link.command.1.tlog
c:\kodi-build-wp\kodi.dir\release\kodi.tlog\link.read.1.tlog
c:\kodi-build-wp\kodi.dir\release\kodi.tlog\link.secondary.1.tlog
c:\kodi-build-wp\kodi.dir\release\kodi.tlog\link.write.1.tlog
c:\kodi-build-wp\kodi.dir\release\kodi.tlog\mt.command.1.tlog
c:\kodi-build-wp\kodi.dir\release\kodi.tlog\mt.read.1.tlog
c:\kodi-build-wp\kodi.dir\release\kodi.tlog\mt.write.1.tlog
