c:\kodi-build-wp\build\effects11\effects11.dir\release\effectruntime.obj
c:\kodi-build-wp\build\effects11\effects11.dir\release\effectapi.obj
c:\kodi-build-wp\build\effects11\effects11.dir\release\effectload.obj
c:\kodi-build-wp\build\effects11\effects11.dir\release\effectreflection.obj
c:\kodi-build-wp\build\effects11\effects11.dir\release\effectnonruntime.obj
c:\kodi-build-wp\build\effects11\release\effects11.pdb
c:\kodi-build-wp\release\objs\effects11.pch
c:\kodi-build-wp\build\effects11\effects11.dir\release\d3dxglobal.obj
c:\kodi-build-wp\build\effects11\cmakefiles\generate.stamp
c:\kodi-build-wp\build\effects11\effects11.dir\release\priconfig.xml
c:\kodi-build-wp\build\effects11\effects11.dir\release\priconfig.xml.intermediate
c:\kodi-build-wp\build\effects11\effects11.dir\release\unfiltered.layout.resfiles
c:\kodi-build-wp\build\effects11\effects11.dir\release\unfiltered.layout.resfiles.intermediate
c:\kodi-build-wp\build\effects11\effects11.dir\release\filtered.layout.resfiles
c:\kodi-build-wp\build\effects11\effects11.dir\release\filtered.layout.resfiles.intermediate
c:\kodi-build-wp\build\effects11\effects11.dir\release\excluded.layout.resfiles
c:\kodi-build-wp\build\effects11\effects11.dir\release\excluded.layout.resfiles.intermediate
c:\kodi-build-wp\build\effects11\effects11.dir\release\resources.resfiles
c:\kodi-build-wp\build\effects11\effects11.dir\release\resources.resfiles.intermediate
c:\kodi-build-wp\build\effects11\effects11.dir\release\pri.resfiles
c:\kodi-build-wp\build\effects11\effects11.dir\release\pri.resfiles.intermediate
c:\kodi-build-wp\build\effects11\release\effects11.pri
c:\kodi-build-wp\build\effects11\effects11.dir\release\qualifiers.txt
c:\kodi-build-wp\build\effects11\effects11.dir\release\qualifiers.txt.intermediate
c:\kodi-build-wp\build\effects11\effects11.dir\release\multiplequalifiersperdimensionfound.txt
c:\kodi-build-wp\build\effects11\release\effects11.lib
c:\kodi-build-wp\build\effects11\effects11.dir\release\effects11.tlog\cl.command.1.tlog
c:\kodi-build-wp\build\effects11\effects11.dir\release\effects11.tlog\cl.items.tlog
c:\kodi-build-wp\build\effects11\effects11.dir\release\effects11.tlog\cl.read.1.tlog
c:\kodi-build-wp\build\effects11\effects11.dir\release\effects11.tlog\cl.write.1.tlog
c:\kodi-build-wp\build\effects11\effects11.dir\release\effects11.tlog\custombuild.command.1.tlog
c:\kodi-build-wp\build\effects11\effects11.dir\release\effects11.tlog\custombuild.read.1.tlog
c:\kodi-build-wp\build\effects11\effects11.dir\release\effects11.tlog\custombuild.write.1.tlog
c:\kodi-build-wp\build\effects11\effects11.dir\release\effects11.tlog\effects11.read.1u.tlog
c:\kodi-build-wp\build\effects11\effects11.dir\release\effects11.tlog\effects11.write.1u.tlog
c:\kodi-build-wp\build\effects11\effects11.dir\release\effects11.tlog\lib-link.read.1.tlog
c:\kodi-build-wp\build\effects11\effects11.dir\release\effects11.tlog\lib-link.write.1.tlog
c:\kodi-build-wp\build\effects11\effects11.dir\release\effects11.tlog\lib.command.1.tlog
