c:\kodi-build-wp\build\upnp\upnp.dir\release\pltargument.obj
c:\kodi-build-wp\build\upnp\upnp.dir\release\plthttpserver.obj
c:\kodi-build-wp\build\upnp\upnp.dir\release\pltctrlpoint.obj
c:\kodi-build-wp\build\upnp\upnp.dir\release\pltprotocolinfo.obj
c:\kodi-build-wp\build\upnp\upnp.dir\release\pltdevicehost.obj
c:\kodi-build-wp\build\upnp\upnp.dir\release\plticonsdata.obj
c:\kodi-build-wp\build\upnp\upnp.dir\release\pltdatagramstream.obj
c:\kodi-build-wp\build\upnp\upnp.dir\release\pltevent.obj
c:\kodi-build-wp\build\upnp\upnp.dir\release\pltctrlpointtask.obj
c:\kodi-build-wp\build\upnp\upnp.dir\release\plthttpclienttask.obj
c:\kodi-build-wp\build\upnp\upnp.dir\release\pltstatevariable.obj
c:\kodi-build-wp\build\upnp\upnp.dir\release\pltdevicedata.obj
c:\kodi-build-wp\build\upnp\upnp.dir\release\pltmimetype.obj
c:\kodi-build-wp\build\upnp\upnp.dir\release\pltaction.obj
c:\kodi-build-wp\build\upnp\upnp.dir\release\plthttpservertask.obj
c:\kodi-build-wp\build\upnp\upnp.dir\release\pltconstants.obj
c:\kodi-build-wp\build\upnp\upnp.dir\release\plthttp.obj
c:\kodi-build-wp\build\upnp\upnp.dir\release\pltservice.obj
c:\kodi-build-wp\build\upnp\upnp.dir\release\pltsyncmediabrowser.obj
c:\kodi-build-wp\build\upnp\upnp.dir\release\nptsimplemessagequeue.obj
c:\kodi-build-wp\build\upnp\upnp.dir\release\nptstrings.obj
c:\kodi-build-wp\build\upnp\upnp.dir\release\nptstdcdebug.obj
c:\kodi-build-wp\build\upnp\upnp.dir\release\nptstdcenvironment.obj
c:\kodi-build-wp\build\upnp\upnp.dir\release\pltmediaconnect.obj
c:\kodi-build-wp\build\upnp\upnp.dir\release\nptwin32time.obj
c:\kodi-build-wp\build\upnp\upnp.dir\release\pltssdp.obj
c:\kodi-build-wp\build\upnp\upnp.dir\release\pltmediaserver.obj
c:\kodi-build-wp\build\upnp\upnp.dir\release\nptfile.obj
c:\kodi-build-wp\build\upnp\upnp.dir\release\nptsockets.obj
c:\kodi-build-wp\build\upnp\upnp.dir\release\npturi.obj
c:\kodi-build-wp\build\upnp\upnp.dir\release\pltmediacontroller.obj
c:\kodi-build-wp\build\upnp\upnp.dir\release\nptwin32threads.obj
c:\kodi-build-wp\build\upnp\upnp.dir\release\pltdidl.obj
c:\kodi-build-wp\build\upnp\upnp.dir\release\contentdirectoryscpd.obj
c:\kodi-build-wp\build\upnp\upnp.dir\release\nptcommon.obj
c:\kodi-build-wp\build\upnp\upnp.dir\release\nptdebug.obj
c:\kodi-build-wp\build\upnp\upnp.dir\release\nptresults.obj
c:\kodi-build-wp\build\upnp\upnp.dir\release\nptutils.obj
c:\kodi-build-wp\build\upnp\upnp.dir\release\x_ms_mediareceiverregistrarscpd.obj
c:\kodi-build-wp\build\upnp\upnp.dir\release\nptwin32messagequeue.obj
c:\kodi-build-wp\build\upnp\upnp.dir\release\nptwin32queue.obj
c:\kodi-build-wp\build\upnp\upnp.dir\release\pltfilemediaserver.obj
c:\kodi-build-wp\build\upnp\upnp.dir\release\nptdatabuffer.obj
c:\kodi-build-wp\build\upnp\upnp.dir\release\nptqueue.obj
c:\kodi-build-wp\build\upnp\upnp.dir\release\nptringbuffer.obj
c:\kodi-build-wp\build\upnp\upnp.dir\release\nptthreads.obj
c:\kodi-build-wp\build\upnp\upnp.dir\release\npttls.obj
c:\kodi-build-wp\build\upnp\upnp.dir\release\avtransportscpd.obj
c:\kodi-build-wp\build\upnp\upnp.dir\release\nptwin32debug.obj
c:\kodi-build-wp\build\upnp\upnp.dir\release\pltthreadtask.obj
c:\kodi-build-wp\build\upnp\upnp.dir\release\pltmediaitem.obj
c:\kodi-build-wp\build\upnp\upnp.dir\release\nptstreams.obj
c:\kodi-build-wp\build\upnp\upnp.dir\release\nptbsdsockets.obj
c:\kodi-build-wp\build\upnp\upnp.dir\release\nptposixenvironment.obj
c:\kodi-build-wp\build\upnp\upnp.dir\release\nptwin32serialport.obj
c:\kodi-build-wp\build\upnp\upnp.dir\release\pltupnp.obj
c:\kodi-build-wp\build\upnp\upnp.dir\release\contentdirectorywsearchscpd.obj
c:\kodi-build-wp\build\upnp\upnp.dir\release\npthash.obj
c:\kodi-build-wp\build\upnp\upnp.dir\release\npthttp.obj
c:\kodi-build-wp\build\upnp\upnp.dir\release\nptxml.obj
c:\kodi-build-wp\build\upnp\upnp.dir\release\renderingcontrolscpd.obj
c:\kodi-build-wp\build\upnp\upnp.dir\release\nptwin32network.obj
c:\kodi-build-wp\build\upnp\upnp.dir\release\pltmediacache.obj
c:\kodi-build-wp\build\upnp\upnp.dir\release\connectionmanagerscpd.obj
c:\kodi-build-wp\build\upnp\upnp.dir\release\neptune.obj
c:\kodi-build-wp\build\upnp\upnp.dir\release\nptbase64.obj
c:\kodi-build-wp\build\upnp\upnp.dir\release\nptlist.obj
c:\kodi-build-wp\build\upnp\upnp.dir\release\nptmessaging.obj
c:\kodi-build-wp\build\upnp\upnp.dir\release\nptnetwork.obj
c:\kodi-build-wp\build\upnp\upnp.dir\release\nptsystem.obj
c:\kodi-build-wp\build\upnp\upnp.dir\release\npttime.obj
c:\kodi-build-wp\build\upnp\upnp.dir\release\pltmediarenderer.obj
c:\kodi-build-wp\build\upnp\upnp.dir\release\nptwin32console.obj
c:\kodi-build-wp\build\upnp\upnp.dir\release\nptwin32system.obj
c:\kodi-build-wp\build\upnp\upnp.dir\release\plttaskmanager.obj
c:\kodi-build-wp\build\upnp\upnp.dir\release\pltmediabrowser.obj
c:\kodi-build-wp\build\upnp\upnp.dir\release\nptautomaticcleaner.obj
c:\kodi-build-wp\build\upnp\upnp.dir\release\nptbufferedstreams.obj
c:\kodi-build-wp\build\upnp\upnp.dir\release\nptlogging.obj
c:\kodi-build-wp\build\upnp\upnp.dir\release\nptbsdresolver.obj
c:\kodi-build-wp\build\upnp\upnp.dir\release\rdrconnectionmanagerscpd.obj
c:\kodi-build-wp\build\upnp\upnp.dir\release\nptwin32dynamiclibraries.obj
c:\kodi-build-wp\build\upnp\release\upnp.pdb
c:\kodi-build-wp\build\upnp\cmakefiles\generate.stamp
c:\kodi-build-wp\build\upnp\release\upnp.lib
c:\kodi-build-wp\build\upnp\upnp.dir\release\priconfig.xml
c:\kodi-build-wp\build\upnp\upnp.dir\release\priconfig.xml.intermediate
c:\kodi-build-wp\build\upnp\upnp.dir\release\unfiltered.layout.resfiles
c:\kodi-build-wp\build\upnp\upnp.dir\release\unfiltered.layout.resfiles.intermediate
c:\kodi-build-wp\build\upnp\upnp.dir\release\filtered.layout.resfiles
c:\kodi-build-wp\build\upnp\upnp.dir\release\filtered.layout.resfiles.intermediate
c:\kodi-build-wp\build\upnp\upnp.dir\release\excluded.layout.resfiles
c:\kodi-build-wp\build\upnp\upnp.dir\release\excluded.layout.resfiles.intermediate
c:\kodi-build-wp\build\upnp\upnp.dir\release\resources.resfiles
c:\kodi-build-wp\build\upnp\upnp.dir\release\resources.resfiles.intermediate
c:\kodi-build-wp\build\upnp\upnp.dir\release\pri.resfiles
c:\kodi-build-wp\build\upnp\upnp.dir\release\pri.resfiles.intermediate
c:\kodi-build-wp\build\upnp\release\upnp.pri
c:\kodi-build-wp\build\upnp\upnp.dir\release\qualifiers.txt
c:\kodi-build-wp\build\upnp\upnp.dir\release\qualifiers.txt.intermediate
c:\kodi-build-wp\build\upnp\upnp.dir\release\multiplequalifiersperdimensionfound.txt
c:\kodi-build-wp\build\upnp\upnp.dir\release\upnp.tlog\cl.command.1.tlog
c:\kodi-build-wp\build\upnp\upnp.dir\release\upnp.tlog\cl.items.tlog
c:\kodi-build-wp\build\upnp\upnp.dir\release\upnp.tlog\cl.read.1.tlog
c:\kodi-build-wp\build\upnp\upnp.dir\release\upnp.tlog\cl.write.1.tlog
c:\kodi-build-wp\build\upnp\upnp.dir\release\upnp.tlog\custombuild.command.1.tlog
c:\kodi-build-wp\build\upnp\upnp.dir\release\upnp.tlog\custombuild.read.1.tlog
c:\kodi-build-wp\build\upnp\upnp.dir\release\upnp.tlog\custombuild.write.1.tlog
c:\kodi-build-wp\build\upnp\upnp.dir\release\upnp.tlog\lib-link.read.1.tlog
c:\kodi-build-wp\build\upnp\upnp.dir\release\upnp.tlog\lib-link.write.1.tlog
c:\kodi-build-wp\build\upnp\upnp.dir\release\upnp.tlog\lib.command.1.tlog
c:\kodi-build-wp\build\upnp\upnp.dir\release\upnp.tlog\upnp.read.1u.tlog
c:\kodi-build-wp\build\upnp\upnp.dir\release\upnp.tlog\upnp.write.1u.tlog
