c:\kodi-build-wp\libkodi.dir\release\rpwinoutputshader.obj
c:\kodi-build-wp\libkodi.dir\release\rpprocessinfowin.obj
c:\kodi-build-wp\libkodi.dir\release\rpwinrenderer.obj
c:\kodi-build-wp\libkodi.dir\release\rendererbase.obj
c:\kodi-build-wp\libkodi.dir\release\platformwin10.obj
c:\kodi-build-wp\libkodi.dir\release\winsystemwin10dx.obj
c:\kodi-build-wp\libkodi.dir\release\dxvahd.obj
c:\kodi-build-wp\libkodi.dir\release\win10app.obj
c:\kodi-build-wp\libkodi.dir\release\rendererhq.obj
c:\kodi-build-wp\libkodi.dir\release\guishaderdx.obj
c:\kodi-build-wp\libkodi.dir\release\wineventswin10.obj
c:\kodi-build-wp\libkodi.dir\release\rendererdxva.obj
c:\kodi-build-wp\libkodi.dir\release\guitextured3d.obj
c:\kodi-build-wp\libkodi.dir\release\winsystemwin10.obj
c:\kodi-build-wp\libkodi.dir\release\winvideofilter.obj
c:\kodi-build-wp\libkodi.dir\release\messageprinter.obj
c:\kodi-build-wp\libkodi.dir\release\rendercontext.obj
c:\kodi-build-wp\libkodi.dir\release\guifontttfdx.obj
c:\kodi-build-wp\libkodi.dir\release\winrenderer.obj
c:\kodi-build-wp\libkodi.dir\release\slideshowpicture.obj
c:\kodi-build-wp\libkodi.dir\release\overlayrendererdx.obj
c:\kodi-build-wp\libkodi.dir\release\guirenderingcontrol.obj
c:\kodi-build-wp\libkodi.dir\release\displaysettings.obj
c:\kodi-build-wp\libkodi.dir\release\rendercapturedx.obj
c:\kodi-build-wp\libkodi.dir\release\rendersystemdx.obj
c:\kodi-build-wp\libkodi.dir\release\dxva.obj
c:\kodi-build-wp\libkodi.dir\release\screenshotsurfacewindows.obj
c:\kodi-build-wp\libkodi.dir\release\renderersoftware.obj
c:\kodi-build-wp\libkodi.dir\release\d3dresource.obj
c:\kodi-build-wp\libkodi.dir\release\videosyncd3d.obj
c:\kodi-build-wp\libkodi.dir\release\renderershaders.obj
c:\kodi-build-wp\libkodi.dir\release\deviceresources.obj
c:\kodi-build-wp\libkodi.dir\release\screenshotsurfacegles.obj
c:\kodi-build-wp\libkodi.dir\release\rendersystemgles.obj
c:\kodi-build-wp\libkodi.dir\release\glesshader.obj
c:\kodi-build-wp\libkodi.dir\release\rprendereropengles.obj
c:\kodi-build-wp\release\libkodi.pdb
c:\kodi-build-wp\libkodi.dir\release\win10storageprovider.obj
c:\kodi-build-wp\libkodi.dir\release\winlibraryfile.obj
c:\kodi-build-wp\libkodi.dir\release\win32util.obj
c:\kodi-build-wp\libkodi.dir\release\win32file.obj
c:\kodi-build-wp\libkodi.dir\release\util.obj
c:\kodi-build-wp\libkodi.dir\release\win32directory.obj
c:\users\stevan~1\appdata\local\temp\{72b3d6ad-c7c3-4d06-84fe-028e7b605ec1}
c:\users\stevan~1\appdata\local\temp\{91f8c077-c497-4ac0-8489-2a7c4c54bf52}
c:\kodi-build-wp\libkodi.dir\release\storagepath.obj
c:\users\stevan~1\appdata\local\temp\{f8cc8257-8191-4e70-bbb6-b2fe8436a1fd}
c:\users\stevan~1\appdata\local\temp\{bfe50372-6810-46f7-954e-0659fb067572}
c:\kodi-build-wp\libkodi.dir\release\storagemanager.obj
c:\kodi-build-wp\libkodi.dir\release\winlibrarydirectory.obj
c:\kodi-build-wp\libkodi.dir\release\storagepickers.obj
c:\kodi-build-wp\libkodi.dir\release\uwp2c.obj
c:\kodi-build-wp\libkodi.dir\release\storageaccess.obj
c:\kodi-build-wp\libkodi.dir\release\guiwindowfilemanager.obj
c:\kodi-build-wp\libkodi.dir\release\addondatabase.obj
c:\kodi-build-wp\libkodi.dir\release\guidialognetworksetup.obj
c:\kodi-build-wp\libkodi.dir\release\guidialogcontextmenu.obj
c:\kodi-build-wp\libkodi.dir\release\storageasync.obj
c:\kodi-build-wp\libkodi.dir\release\storagehandler.obj
c:\kodi-build-wp\libkodi.dir\release\uihelpers.obj
c:\kodi-build-wp\libkodi.dir\release\storageextensions.obj
c:\kodi-build-wp\libkodi.dir\release\player.obj
c:\kodi-build-wp\libkodi.dir\release\guiwindowmanager.obj
c:\kodi-build-wp\libkodi.dir\release\guiwindowsettingsprofile.obj
c:\kodi-build-wp\libkodi.dir\release\win32dllloader.obj
c:\kodi-build-wp\libkodi.dir\release\coff.obj
c:\kodi-build-wp\release\objs\libkodi.pch
c:\kodi-build-wp\libkodi.dir\release\pch.obj
c:\kodi-build-wp\libkodi.dir\release\activeaebuffer.obj
c:\kodi-build-wp\libkodi.dir\release\activeaesettings.obj
c:\kodi-build-wp\libkodi.dir\release\dll_tracker.obj
c:\kodi-build-wp\libkodi.dir\release\emu_dummy.obj
c:\kodi-build-wp\libkodi.dir\release\playercoreconfig.obj
c:\kodi-build-wp\libkodi.dir\release\eventlogmanager.obj
c:\kodi-build-wp\libkodi.dir\release\guiwindoweventlog.obj
c:\kodi-build-wp\libkodi.dir\release\directorycache.obj
c:\kodi-build-wp\libkodi.dir\release\eventsdirectory.obj
c:\kodi-build-wp\libkodi.dir\release\ftpdirectory.obj
c:\kodi-build-wp\libkodi.dir\release\multipathdirectory.obj
c:\kodi-build-wp\libkodi.dir\release\resourcefile.obj
c:\kodi-build-wp\libkodi.dir\release\videodatabasedirectory.obj
c:\kodi-build-wp\libkodi.dir\release\zipfile.obj
c:\kodi-build-wp\libkodi.dir\release\nfsfile.obj
c:\kodi-build-wp\libkodi.dir\release\directorynodediscs.obj
c:\kodi-build-wp\libkodi.dir\release\directorynodemoviesoverview.obj
c:\kodi-build-wp\libkodi.dir\release\gameclienttranslator.obj
c:\kodi-build-wp\libkodi.dir\release\gameclientdevice.obj
c:\kodi-build-wp\libkodi.dir\release\gameclienttopology.obj
c:\kodi-build-wp\libkodi.dir\release\gameclientstreamswframebuffer.obj
c:\kodi-build-wp\libkodi.dir\release\controllermanager.obj
c:\kodi-build-wp\libkodi.dir\release\guidialogignoreinput.obj
c:\kodi-build-wp\libkodi.dir\release\guithrottlebutton.obj
c:\kodi-build-wp\libkodi.dir\release\guiconfigurationwizard.obj
c:\kodi-build-wp\libkodi.dir\release\dialoggamevideofilter.obj
c:\kodi-build-wp\libkodi.dir\release\guiviewstatewindowgames.obj
c:\kodi-build-wp\libkodi.dir\release\cecbuiltins.obj
c:\kodi-build-wp\libkodi.dir\release\opticalbuiltins.obj
c:\kodi-build-wp\libkodi.dir\release\playerbuiltins.obj
c:\kodi-build-wp\libkodi.dir\release\fileitemhandler.obj
c:\kodi-build-wp\libkodi.dir\release\systemoperations.obj
c:\kodi-build-wp\libkodi.dir\release\mediatype.obj
c:\kodi-build-wp\libkodi.dir\release\musicdburl.obj
c:\kodi-build-wp\libkodi.dir\release\musicutils.obj
c:\kodi-build-wp\libkodi.dir\release\musicalbuminfo.obj
c:\kodi-build-wp\libkodi.dir\release\musiclibraryjob.obj
c:\kodi-build-wp\libkodi.dir\release\musiclibraryscanningjob.obj
c:\kodi-build-wp\libkodi.dir\release\musicinfotagloadershn.obj
c:\kodi-build-wp\libkodi.dir\release\guiwindowmusicnav.obj
c:\kodi-build-wp\libkodi.dir\release\udpclient.obj
c:\kodi-build-wp\libkodi.dir\release\webserver.obj
c:\kodi-build-wp\libkodi.dir\release\peripheralbusaddon.obj
c:\kodi-build-wp\libkodi.dir\release\guidialogperipherals.obj
c:\kodi-build-wp\libkodi.dir\release\pvrchannelnumberinputhandler.obj
c:\kodi-build-wp\libkodi.dir\release\pvrplaybackstate.obj
c:\kodi-build-wp\libkodi.dir\release\pvrchannelgroup.obj
c:\kodi-build-wp\libkodi.dir\release\guidialogpvrgroupmanager.obj
c:\kodi-build-wp\libkodi.dir\release\guidialogpvritemsviewbase.obj
c:\kodi-build-wp\libkodi.dir\release\epginfotag.obj
c:\kodi-build-wp\libkodi.dir\release\pvrguiactionschannels.obj
c:\kodi-build-wp\libkodi.dir\release\pvrguiactionstimers.obj
c:\kodi-build-wp\libkodi.dir\release\pvrtimerinfotag.obj
c:\kodi-build-wp\libkodi.dir\release\guiwindowpvrsearch.obj
c:\kodi-build-wp\libkodi.dir\release\renderbuffermanager.obj
c:\kodi-build-wp\libkodi.dir\release\cheevos.obj
c:\kodi-build-wp\libkodi.dir\release\rendervideosettings.obj
c:\kodi-build-wp\libkodi.dir\release\rprendermanager.obj
c:\kodi-build-wp\libkodi.dir\release\advancedsettings.obj
c:\kodi-build-wp\libkodi.dir\release\guidialogsettingsbase.obj
c:\kodi-build-wp\libkodi.dir\release\settingsmanager.obj
c:\kodi-build-wp\libkodi.dir\release\nfofile.obj
c:\kodi-build-wp\libkodi.dir\release\seekhandler.obj
c:\kodi-build-wp\libkodi.dir\release\xbdatetime.obj
c:\kodi-build-wp\libkodi.dir\release\addonsystemsettings.obj
c:\kodi-build-wp\libkodi.dir\release\contextmenuaddon.obj
c:\kodi-build-wp\libkodi.dir\release\scraper.obj
c:\kodi-build-wp\libkodi.dir\release\guidialogaddonsettings.obj
c:\kodi-build-wp\libkodi.dir\release\fadelabel.obj
c:\kodi-build-wp\libkodi.dir\release\textbox.obj
c:\kodi-build-wp\libkodi.dir\release\addonsettings.obj
c:\kodi-build-wp\libkodi.dir\release\guidialogbusynocancel.obj
c:\kodi-build-wp\libkodi.dir\release\guidialogplayerprocessinfo.obj
c:\kodi-build-wp\libkodi.dir\release\guidialogsimplemenu.obj
c:\kodi-build-wp\libkodi.dir\release\guidialogfavourites.obj
c:\kodi-build-wp\libkodi.dir\release\ffmpegimage.obj
c:\kodi-build-wp\libkodi.dir\release\guicontrol.obj
c:\kodi-build-wp\libkodi.dir\release\guifont.obj
c:\kodi-build-wp\libkodi.dir\release\guiincludes.obj
c:\kodi-build-wp\libkodi.dir\release\guirangescontrol.obj
c:\kodi-build-wp\libkodi.dir\release\guistaticitem.obj
c:\kodi-build-wp\libkodi.dir\release\localizestrings.obj
c:\kodi-build-wp\libkodi.dir\release\visibleeffect.obj
c:\kodi-build-wp\libkodi.dir\release\guiinfoproviders.obj
c:\kodi-build-wp\libkodi.dir\release\guiinfocolor.obj
c:\kodi-build-wp\libkodi.dir\release\skinguiinfo.obj
c:\kodi-build-wp\libkodi.dir\release\buttontranslator.obj
c:\kodi-build-wp\libkodi.dir\release\keyboardlayout.obj
c:\kodi-build-wp\libkodi.dir\release\xbmc_keytable.obj
c:\kodi-build-wp\libkodi.dir\release\joystickmonitor.obj
c:\kodi-build-wp\libkodi.dir\release\guidialognewjoystick.obj
c:\kodi-build-wp\libkodi.dir\release\keyboardeasteregg.obj
c:\kodi-build-wp\libkodi.dir\release\keyboardinputhandling.obj
c:\kodi-build-wp\libkodi.dir\release\mousetranslator.obj
c:\kodi-build-wp\libkodi.dir\release\guiviewstatepictures.obj
c:\kodi-build-wp\libkodi.dir\release\picturescalingalgorithm.obj
c:\kodi-build-wp\libkodi.dir\release\smartplaylist.obj
c:\kodi-build-wp\libkodi.dir\release\aliasshortcututils.obj
c:\kodi-build-wp\libkodi.dir\release\bitstreamwriter.obj
c:\kodi-build-wp\libkodi.dir\release\chararrayparser.obj
c:\kodi-build-wp\libkodi.dir\release\digest.obj
c:\kodi-build-wp\libkodi.dir\release\fontutils.obj
c:\kodi-build-wp\libkodi.dir\release\httpheader.obj
c:\kodi-build-wp\libkodi.dir\release\labelformatter.obj
c:\kodi-build-wp\libkodi.dir\release\rfft.obj
c:\kodi-build-wp\libkodi.dir\release\ringbuffer.obj
c:\kodi-build-wp\libkodi.dir\release\rssreader.obj
c:\kodi-build-wp\libkodi.dir\release\temperature.obj
c:\kodi-build-wp\libkodi.dir\release\variant.obj
c:\kodi-build-wp\libkodi.dir\release\guiviewcontrol.obj
c:\kodi-build-wp\libkodi.dir\release\resolution.obj
c:\kodi-build-wp\libkodi.dir\release\guiwindowscreensaverdim.obj
c:\kodi-build-wp\libkodi.dir\release\bookmark.obj
c:\kodi-build-wp\libkodi.dir\release\guiviewstatevideo.obj
c:\kodi-build-wp\libkodi.dir\release\videolibraryqueue.obj
c:\kodi-build-wp\libkodi.dir\release\guidialogsubtitles.obj
c:\kodi-build-wp\libkodi.dir\release\videolibrarycleaningjob.obj
c:\kodi-build-wp\libkodi.dir\release\videolibraryprogressjob.obj
c:\kodi-build-wp\libkodi.dir\release\videolibraryrefreshingjob.obj
c:\kodi-build-wp\libkodi.dir\release\dvdclock.obj
c:\kodi-build-wp\libkodi.dir\release\dvdmessagequeue.obj
c:\kodi-build-wp\libkodi.dir\release\videoplayeraudio.obj
c:\kodi-build-wp\libkodi.dir\release\dvdfactorycodec.obj
c:\kodi-build-wp\libkodi.dir\release\cc_decoder.obj
c:\kodi-build-wp\libkodi.dir\release\dvdvideocodec.obj
c:\kodi-build-wp\libkodi.dir\release\demuxmultisource.obj
c:\kodi-build-wp\libkodi.dir\release\bluraystateserializer.obj
c:\kodi-build-wp\libkodi.dir\release\dvdinputstreamnavigator.obj
c:\kodi-build-wp\libkodi.dir\release\dvdsubtitleparsermpl2.obj
c:\kodi-build-wp\libkodi.dir\release\dvdsubtitleparservplayer.obj
c:\kodi-build-wp\libkodi.dir\release\subtitlesadapter.obj
c:\kodi-build-wp\libkodi.dir\release\webvttisohandler.obj
c:\kodi-build-wp\libkodi.dir\release\renderfactory.obj
c:\kodi-build-wp\libkodi.dir\release\xtimeutils.obj
c:\kodi-build-wp\libkodi.dir\release\infotaggame.obj
c:\kodi-build-wp\libkodi.dir\release\infotagmusic.obj
c:\kodi-build-wp\libkodi.dir\release\modulexbmc.obj
c:\kodi-build-wp\libkodi.dir\release\pythoninvoker.obj
c:\kodi-build-wp\libkodi.dir\release\httpimagehandler.obj
c:\kodi-build-wp\libkodi.dir\release\httpjsonrpchandler.obj
c:\kodi-build-wp\libkodi.dir\release\aeresamplefactory.obj
c:\kodi-build-wp\libkodi.dir\release\activeaefilter.obj
c:\kodi-build-wp\libkodi.dir\release\aechannelinfo.obj
c:\kodi-build-wp\libkodi.dir\release\aedeviceinfo.obj
c:\kodi-build-wp\libkodi.dir\release\aepackiec61937.obj
c:\kodi-build-wp\libkodi.dir\release\aeutil.obj
c:\kodi-build-wp\libkodi.dir\release\aesinkfactorywin10.obj
c:\kodi-build-wp\libkodi.dir\release\baseevent.obj
c:\kodi-build-wp\libkodi.dir\release\addonsdirectory.obj
c:\kodi-build-wp\libkodi.dir\release\filedirectoryfactory.obj
c:\kodi-build-wp\libkodi.dir\release\musicsearchdirectory.obj
c:\kodi-build-wp\libkodi.dir\release\specialprotocol.obj
c:\kodi-build-wp\libkodi.dir\release\xbtfile.obj
c:\kodi-build-wp\libkodi.dir\release\udffile.obj
c:\kodi-build-wp\libkodi.dir\release\blurayfile.obj
c:\kodi-build-wp\libkodi.dir\release\nfsdirectory.obj
c:\kodi-build-wp\libkodi.dir\release\directorynodealbumtop100.obj
c:\kodi-build-wp\libkodi.dir\release\directorynodeepisodes.obj
c:\kodi-build-wp\libkodi.dir\release\directorynodemusicvideosoverview.obj
c:\kodi-build-wp\libkodi.dir\release\gameclientingamesaves.obj
c:\kodi-build-wp\libkodi.dir\release\gameclienthardware.obj
c:\kodi-build-wp\libkodi.dir\release\gameclientstreams.obj
c:\kodi-build-wp\libkodi.dir\release\guicardinalfeaturebutton.obj
c:\kodi-build-wp\libkodi.dir\release\guifeaturecontrols.obj
c:\kodi-build-wp\libkodi.dir\release\inputsink.obj
c:\kodi-build-wp\libkodi.dir\release\physicaltopology.obj
c:\kodi-build-wp\libkodi.dir\release\guidialogselectsavestate.obj
c:\kodi-build-wp\libkodi.dir\release\dialoggamestretchmode.obj
c:\kodi-build-wp\libkodi.dir\release\portmanager.obj
c:\kodi-build-wp\libkodi.dir\release\builtins.obj
c:\kodi-build-wp\libkodi.dir\release\guibuiltins.obj
c:\kodi-build-wp\libkodi.dir\release\ilanguageinvoker.obj
c:\kodi-build-wp\libkodi.dir\release\languageinvokerthread.obj
c:\kodi-build-wp\libkodi.dir\release\infobool.obj
c:\kodi-build-wp\libkodi.dir\release\addonsoperations.obj
c:\kodi-build-wp\libkodi.dir\release\jsonservicedescription.obj
c:\kodi-build-wp\libkodi.dir\release\guiviewstatemusic.obj
c:\kodi-build-wp\libkodi.dir\release\guidialoginfoprovidersettings.obj
c:\kodi-build-wp\libkodi.dir\release\musicinfoscraper.obj
c:\kodi-build-wp\libkodi.dir\release\musicinfotag.obj
c:\kodi-build-wp\libkodi.dir\release\replaygain.obj
c:\kodi-build-wp\libkodi.dir\release\guiwindowmusicplaylisteditor.obj
c:\kodi-build-wp\libkodi.dir\release\eventclient.obj
c:\kodi-build-wp\libkodi.dir\release\zeroconf.obj
c:\kodi-build-wp\libkodi.dir\release\websocketv8.obj
c:\kodi-build-wp\libkodi.dir\release\peripheraladdontranslator.obj
c:\kodi-build-wp\libkodi.dir\release\peripheral.obj
c:\kodi-build-wp\libkodi.dir\release\guidialogprofilesettings.obj
c:\kodi-build-wp\libkodi.dir\release\pvrmanager.obj
c:\kodi-build-wp\libkodi.dir\release\pvrchannelgroups.obj
c:\kodi-build-wp\libkodi.dir\release\guidialogpvrguidesearch.obj
c:\kodi-build-wp\libkodi.dir\release\epgsearchfilter.obj
c:\kodi-build-wp\libkodi.dir\release\epgtagscache.obj
c:\kodi-build-wp\libkodi.dir\release\pvrguiactionsdatabase.obj
c:\kodi-build-wp\libkodi.dir\release\pvrguiprogresshandler.obj
c:\kodi-build-wp\libkodi.dir\release\pvrguitimesinfo.obj
c:\kodi-build-wp\libkodi.dir\release\pvrsettings.obj
c:\kodi-build-wp\libkodi.dir\release\guiwindowpvrrecordings.obj
c:\kodi-build-wp\libkodi.dir\release\renderbufferguitexture.obj
c:\kodi-build-wp\libkodi.dir\release\renderbuffersysmem.obj
c:\kodi-build-wp\libkodi.dir\release\guigamerendermanager.obj
c:\kodi-build-wp\libkodi.dir\release\guiplaybackcontrol.obj
c:\kodi-build-wp\libkodi.dir\release\rpprocessinfo.obj
c:\kodi-build-wp\libkodi.dir\release\deltapairmemorystream.obj
c:\kodi-build-wp\libkodi.dir\release\settingdatetime.obj
c:\kodi-build-wp\libkodi.dir\release\settingpath.obj
c:\kodi-build-wp\libkodi.dir\release\settingscomponent.obj
c:\kodi-build-wp\libkodi.dir\release\isetting.obj
c:\kodi-build-wp\libkodi.dir\release\isettingcontrol.obj
c:\kodi-build-wp\libkodi.dir\release\guiwindowsettingscategory.obj
c:\kodi-build-wp\libkodi.dir\release\cuedocument.obj
c:\kodi-build-wp\libkodi.dir\release\guipassword.obj
c:\kodi-build-wp\libkodi.dir\release\sectionloader.obj
c:\kodi-build-wp\libkodi.dir\release\texturecache.obj
c:\kodi-build-wp\libkodi.dir\release\gameresource.obj
c:\kodi-build-wp\libkodi.dir\release\pluginsource.obj
c:\kodi-build-wp\libkodi.dir\release\skin.obj
c:\kodi-build-wp\libkodi.dir\release\addoninstancehandler.obj
c:\kodi-build-wp\libkodi.dir\release\button.obj
c:\kodi-build-wp\libkodi.dir\release\settingsslider.obj
c:\kodi-build-wp\libkodi.dir\release\ok.obj
c:\kodi-build-wp\libkodi.dir\release\appinboundprotocol.obj
c:\kodi-build-wp\libkodi.dir\release\applicationstackhelper.obj
c:\kodi-build-wp\libkodi.dir\release\applicationvolumehandling.obj
c:\kodi-build-wp\libkodi.dir\release\guidialogbuttonmenu.obj
c:\kodi-build-wp\libkodi.dir\release\guidialogextendedprogressbar.obj
c:\kodi-build-wp\libkodi.dir\release\guidialogkeyboardgeneric.obj
c:\kodi-build-wp\libkodi.dir\release\guidialogslider.obj
c:\kodi-build-wp\libkodi.dir\release\guidialogvolumebar.obj
c:\kodi-build-wp\libkodi.dir\release\ddsimage.obj
c:\kodi-build-wp\libkodi.dir\release\guiaction.obj
c:\kodi-build-wp\libkodi.dir\release\guicontrolgroup.obj
c:\kodi-build-wp\libkodi.dir\release\guicontrolprofiler.obj
c:\kodi-build-wp\libkodi.dir\release\guifontttf.obj
c:\kodi-build-wp\libkodi.dir\release\guilistitemlayout.obj
c:\kodi-build-wp\libkodi.dir\release\guirsscontrol.obj
c:\kodi-build-wp\libkodi.dir\release\guitogglebuttoncontrol.obj
c:\kodi-build-wp\libkodi.dir\release\imagefactory.obj
c:\kodi-build-wp\libkodi.dir\release\texture.obj
c:\kodi-build-wp\libkodi.dir\release\musicguiinfo.obj
c:\kodi-build-wp\libkodi.dir\release\customcontrollertranslator.obj
c:\kodi-build-wp\libkodi.dir\release\inputcodingtablekorean.obj
c:\kodi-build-wp\libkodi.dir\release\joystickmapper.obj
c:\kodi-build-wp\libkodi.dir\release\keymap.obj
c:\kodi-build-wp\libkodi.dir\release\keymapenvironment.obj
c:\kodi-build-wp\libkodi.dir\release\windowkeymap.obj
c:\kodi-build-wp\libkodi.dir\release\deadzonefilter.obj
c:\kodi-build-wp\libkodi.dir\release\driverreceiving.obj
c:\kodi-build-wp\libkodi.dir\release\featurehandling.obj
c:\kodi-build-wp\libkodi.dir\release\multiprovider.obj
c:\kodi-build-wp\libkodi.dir\release\dialogokhelper.obj
c:\kodi-build-wp\libkodi.dir\release\iptcparse.obj
c:\kodi-build-wp\libkodi.dir\release\jpegparse.obj
c:\kodi-build-wp\libkodi.dir\release\libexif.obj
c:\kodi-build-wp\libkodi.dir\release\picture.obj
c:\kodi-build-wp\libkodi.dir\release\xbmc.obj
c:\kodi-build-wp\libkodi.dir\release\playlisturl.obj
c:\kodi-build-wp\libkodi.dir\release\playlistxspf.obj
c:\kodi-build-wp\libkodi.dir\release\rendersystem.obj
c:\kodi-build-wp\libkodi.dir\release\actorprotocol.obj
c:\kodi-build-wp\libkodi.dir\release\base64.obj
c:\kodi-build-wp\libkodi.dir\release\bitstreamconverter.obj
c:\kodi-build-wp\libkodi.dir\release\contentutils.obj
c:\kodi-build-wp\libkodi.dir\release\fileoperationjob.obj
c:\kodi-build-wp\libkodi.dir\release\infoloader.obj
c:\kodi-build-wp\libkodi.dir\release\langcodeexpander.obj
c:\kodi-build-wp\libkodi.dir\release\playerutils.obj
c:\kodi-build-wp\libkodi.dir\release\regexp.obj
c:\kodi-build-wp\libkodi.dir\release\scraperparser.obj
c:\kodi-build-wp\libkodi.dir\release\streamdetails.obj
c:\kodi-build-wp\libkodi.dir\release\systeminfo.obj
c:\kodi-build-wp\libkodi.dir\release\graphiccontext.obj
c:\kodi-build-wp\libkodi.dir\release\guiwindowloginscreen.obj
c:\kodi-build-wp\libkodi.dir\release\playercontroller.obj
c:\kodi-build-wp\libkodi.dir\release\viewmodesettings.obj
c:\kodi-build-wp\libkodi.dir\release\guidialogfullscreeninfo.obj
c:\kodi-build-wp\libkodi.dir\release\guidialogsubtitlesettings.obj
c:\kodi-build-wp\libkodi.dir\release\videolibraryscanningjob.obj
c:\kodi-build-wp\libkodi.dir\release\videoinfotagloaderfactory.obj
c:\kodi-build-wp\libkodi.dir\release\videotagloadernfo.obj
c:\kodi-build-wp\libkodi.dir\release\audiosinkae.obj
c:\kodi-build-wp\libkodi.dir\release\dvdstreaminfo.obj
c:\kodi-build-wp\libkodi.dir\release\edl.obj
c:\kodi-build-wp\libkodi.dir\release\videoreferenceclock.obj
c:\kodi-build-wp\libkodi.dir\release\dvdoverlaycodectext.obj
c:\kodi-build-wp\libkodi.dir\release\dvdvideocodecffmpeg.obj
c:\kodi-build-wp\libkodi.dir\release\dvdfactoryinputstream.obj
c:\kodi-build-wp\libkodi.dir\release\inputstreampvrrecording.obj
c:\kodi-build-wp\libkodi.dir\release\dvdsubtitletagmicrodvd.obj
c:\kodi-build-wp\libkodi.dir\release\colormanager.obj
c:\kodi-build-wp\libkodi.dir\release\itouchinputhandling.obj
c:\kodi-build-wp\libkodi.dir\release\generictouchactionhandler.obj
c:\kodi-build-wp\libkodi.dir\release\generictouchpinchdetector.obj
c:\kodi-build-wp\libkodi.dir\release\generictouchrotatedetector.obj
c:\kodi-build-wp\libkodi.dir\release\generictouchswipedetector.obj
c:\kodi-build-wp\libkodi.dir\release\speechrecognitionstub.obj
c:\kodi-build-wp\libkodi.dir\release\cpuinfowin10.obj
c:\kodi-build-wp\libkodi.dir\release\win10powersyscall.obj
c:\kodi-build-wp\libkodi.dir\release\winidletimer.obj
c:\kodi-build-wp\libkodi.dir\release\threadimplwin.obj
c:\kodi-build-wp\libkodi.dir\release\addoncallback.obj
c:\kodi-build-wp\libkodi.dir\release\addonutils.obj
c:\kodi-build-wp\libkodi.dir\release\infotagradiords.obj
c:\kodi-build-wp\libkodi.dir\release\modulexbmcvfs.obj
c:\kodi-build-wp\libkodi.dir\release\wsgierrorstream.obj
c:\kodi-build-wp\libkodi.dir\release\contextitemaddoninvoker.obj
c:\kodi-build-wp\libkodi.dir\release\upnpserver.obj
c:\kodi-build-wp\libkodi.dir\release\aesinkfactory.obj
c:\kodi-build-wp\libkodi.dir\release\activeaesound.obj
c:\kodi-build-wp\libkodi.dir\release\aesinkxaudio.obj
c:\kodi-build-wp\libkodi.dir\release\emu_msvcrt.obj
c:\kodi-build-wp\libkodi.dir\release\playerselectionrule.obj
c:\kodi-build-wp\libkodi.dir\release\kiss_fft.obj
c:\kodi-build-wp\libkodi.dir\release\audiobookfiledirectory.obj
c:\kodi-build-wp\libkodi.dir\release\directoryhistory.obj
c:\kodi-build-wp\libkodi.dir\release\filecache.obj
c:\kodi-build-wp\libkodi.dir\release\musicdatabasefile.obj
c:\kodi-build-wp\libkodi.dir\release\playlistdirectory.obj
c:\kodi-build-wp\libkodi.dir\release\rssdirectory.obj
c:\kodi-build-wp\libkodi.dir\release\zeroconfdirectory.obj
c:\kodi-build-wp\libkodi.dir\release\nptxbmcfile.obj
c:\kodi-build-wp\libkodi.dir\release\directorynodealbumrecentlyaddedsong.obj
c:\kodi-build-wp\libkodi.dir\release\directorynodeartist.obj
c:\kodi-build-wp\libkodi.dir\release\directorynoderecentlyaddedepisodes.obj
c:\kodi-build-wp\libkodi.dir\release\directorynodetitletvshows.obj
c:\kodi-build-wp\libkodi.dir\release\gameclientproperties.obj
c:\kodi-build-wp\libkodi.dir\release\gameclientport.obj
c:\kodi-build-wp\libkodi.dir\release\controllerlayout.obj
c:\kodi-build-wp\libkodi.dir\release\guicontrollerbutton.obj
c:\kodi-build-wp\libkodi.dir\release\guigamecontroller.obj
c:\kodi-build-wp\libkodi.dir\release\guicontrollerwindow.obj
c:\kodi-build-wp\libkodi.dir\release\dialoggamevideoselect.obj
c:\kodi-build-wp\libkodi.dir\release\gameinfotag.obj
c:\kodi-build-wp\libkodi.dir\release\announcementmanager.obj
c:\kodi-build-wp\libkodi.dir\release\picturebuiltins.obj
c:\kodi-build-wp\libkodi.dir\release\weatherbuiltins.obj
c:\kodi-build-wp\libkodi.dir\release\scriptinvocationmanager.obj
c:\kodi-build-wp\libkodi.dir\release\fileoperations.obj
c:\kodi-build-wp\libkodi.dir\release\playeroperations.obj
c:\kodi-build-wp\libkodi.dir\release\musiclibraryqueue.obj
c:\kodi-build-wp\libkodi.dir\release\guidialogvisualisationpresetlist.obj
c:\kodi-build-wp\libkodi.dir\release\musiclibrarycleaningjob.obj
c:\kodi-build-wp\libkodi.dir\release\musicinfotagloaderdatabase.obj
c:\kodi-build-wp\libkodi.dir\release\tagloadertaglib.obj
c:\kodi-build-wp\libkodi.dir\release\networkservices.obj
c:\kodi-build-wp\libkodi.dir\release\eventlockhandle.obj
c:\kodi-build-wp\libkodi.dir\release\eventpollhandle.obj
c:\kodi-build-wp\libkodi.dir\release\peripherals.obj
c:\kodi-build-wp\libkodi.dir\release\peripheralnic.obj
c:\kodi-build-wp\libkodi.dir\release\profilemanager.obj
c:\kodi-build-wp\libkodi.dir\release\pvrthumbloader.obj
c:\kodi-build-wp\libkodi.dir\release\pvrchannelgroupinternal.obj
c:\kodi-build-wp\libkodi.dir\release\pvrchannelnumber.obj
c:\kodi-build-wp\libkodi.dir\release\guidialogpvrchannelmanager.obj
c:\kodi-build-wp\libkodi.dir\release\epgdatabase.obj
c:\kodi-build-wp\libkodi.dir\release\guiepggridcontainer.obj
c:\kodi-build-wp\libkodi.dir\release\pvrguiactionsparentalcontrol.obj
c:\kodi-build-wp\libkodi.dir\release\pvrguiinfo.obj
c:\kodi-build-wp\libkodi.dir\release\guiwindowpvrbase.obj
c:\kodi-build-wp\libkodi.dir\release\guiwindowpvrtimerrules.obj
c:\kodi-build-wp\libkodi.dir\release\guigamesettingshandle.obj
c:\kodi-build-wp\libkodi.dir\release\guirenderhandle.obj
c:\kodi-build-wp\libkodi.dir\release\guirendersettings.obj
c:\kodi-build-wp\libkodi.dir\release\gameloop.obj
c:\kodi-build-wp\libkodi.dir\release\rendersettings.obj
c:\kodi-build-wp\libkodi.dir\release\rendertranslator.obj
c:\kodi-build-wp\libkodi.dir\release\renderutils.obj
c:\kodi-build-wp\libkodi.dir\release\rpbaserenderer.obj
c:\kodi-build-wp\libkodi.dir\release\rpstreammanager.obj
c:\kodi-build-wp\libkodi.dir\release\basicmemorystream.obj
c:\kodi-build-wp\libkodi.dir\release\linearmemorystream.obj
c:\kodi-build-wp\libkodi.dir\release\libexportsettings.obj
c:\kodi-build-wp\libkodi.dir\release\settingcreator.obj
c:\kodi-build-wp\libkodi.dir\release\settingsvaluexmlserializer.obj
c:\kodi-build-wp\libkodi.dir\release\guidialoglibexportsettings.obj
c:\kodi-build-wp\libkodi.dir\release\settingsection.obj
c:\kodi-build-wp\libkodi.dir\release\databasemanager.obj
c:\kodi-build-wp\libkodi.dir\release\langinfo.obj
c:\kodi-build-wp\libkodi.dir\release\systemglobals.obj
c:\kodi-build-wp\libkodi.dir\release\texturedatabase.obj
c:\kodi-build-wp\libkodi.dir\release\addoninstaller.obj
c:\kodi-build-wp\libkodi.dir\release\imagedecoder.obj
c:\kodi-build-wp\libkodi.dir\release\service.obj
c:\kodi-build-wp\libkodi.dir\release\addoninfobuilder.obj
c:\kodi-build-wp\libkodi.dir\release\guitranslator.obj
c:\kodi-build-wp\libkodi.dir\release\edit.obj
c:\kodi-build-wp\libkodi.dir\release\slider.obj
c:\kodi-build-wp\libkodi.dir\release\select.obj
c:\kodi-build-wp\libkodi.dir\release\applicationpowerhandling.obj
c:\kodi-build-wp\libkodi.dir\release\database.obj
c:\kodi-build-wp\libkodi.dir\release\guidialogbusy.obj
c:\kodi-build-wp\libkodi.dir\release\guidialogkaitoast.obj
c:\kodi-build-wp\libkodi.dir\release\guidialogplayercontrols.obj
c:\kodi-build-wp\libkodi.dir\release\guidialogselect.obj
c:\kodi-build-wp\libkodi.dir\release\guidialogsmartplaylistrule.obj
c:\kodi-build-wp\libkodi.dir\release\guicolormanager.obj
c:\kodi-build-wp\libkodi.dir\release\guidialog.obj
c:\kodi-build-wp\libkodi.dir\release\guifontmanager.obj
c:\kodi-build-wp\libkodi.dir\release\guiradiobuttoncontrol.obj
c:\kodi-build-wp\libkodi.dir\release\guiscrollbarcontrol.obj
c:\kodi-build-wp\libkodi.dir\release\guitexture.obj
c:\kodi-build-wp\libkodi.dir\release\iwindowmanagercallback.obj
c:\kodi-build-wp\libkodi.dir\release\stereoscopicsmanager.obj
c:\kodi-build-wp\libkodi.dir\release\gamesguiinfo.obj
c:\kodi-build-wp\libkodi.dir\release\videoguiinfo.obj
c:\kodi-build-wp\libkodi.dir\release\irtranslator.obj
c:\kodi-build-wp\libkodi.dir\release\windowtranslator.obj
c:\kodi-build-wp\libkodi.dir\release\inputhandling.obj
c:\kodi-build-wp\libkodi.dir\release\dialoghelper.obj
c:\kodi-build-wp\libkodi.dir\release\guidialogpictureinfo.obj
c:\kodi-build-wp\libkodi.dir\release\pictureinfotag.obj
c:\kodi-build-wp\libkodi.dir\release\playlistwpl.obj
c:\kodi-build-wp\libkodi.dir\release\powermanager.obj
c:\kodi-build-wp\libkodi.dir\release\bitstreamreader.obj
c:\kodi-build-wp\libkodi.dir\release\bitstreamstats.obj
c:\kodi-build-wp\libkodi.dir\release\booleanlogic.obj
c:\kodi-build-wp\libkodi.dir\release\discsutils.obj
c:\kodi-build-wp\libkodi.dir\release\fanart.obj
c:\kodi-build-wp\libkodi.dir\release\grouputils.obj
c:\kodi-build-wp\libkodi.dir\release\jsonvariantwriter.obj
c:\kodi-build-wp\libkodi.dir\release\legacypathtranslation.obj
c:\kodi-build-wp\libkodi.dir\release\movingspeed.obj
c:\kodi-build-wp\libkodi.dir\release\rssmanager.obj
c:\kodi-build-wp\libkodi.dir\release\speed.obj
c:\kodi-build-wp\libkodi.dir\release\textsearch.obj
c:\kodi-build-wp\libkodi.dir\release\vector.obj
c:\kodi-build-wp\libkodi.dir\release\xmlutils.obj
c:\kodi-build-wp\libkodi.dir\release\guiwindowweather.obj
c:\kodi-build-wp\libkodi.dir\release\winsystem.obj
c:\kodi-build-wp\libkodi.dir\release\guiwindowscreensaver.obj
c:\kodi-build-wp\libkodi.dir\release\videodatabase.obj
c:\kodi-build-wp\libkodi.dir\release\dvddemuxspu.obj
c:\kodi-build-wp\libkodi.dir\release\dvdoverlaycontainer.obj
c:\kodi-build-wp\libkodi.dir\release\ptstracker.obj
c:\kodi-build-wp\libkodi.dir\release\videoplayerteletext.obj
c:\kodi-build-wp\libkodi.dir\release\dvdaudiocodecpassthrough.obj
c:\kodi-build-wp\libkodi.dir\release\dvdoverlaycodectx3g.obj
c:\kodi-build-wp\libkodi.dir\release\dvddemux.obj
c:\kodi-build-wp\libkodi.dir\release\dvddemuxbxa.obj
c:\kodi-build-wp\libkodi.dir\release\dvddemuxvobsub.obj
c:\kodi-build-wp\libkodi.dir\release\dvdinputstreammemory.obj
c:\kodi-build-wp\libkodi.dir\release\dvdstateserializer.obj
c:\kodi-build-wp\libkodi.dir\release\dvdfactorysubtitle.obj
c:\kodi-build-wp\libkodi.dir\release\dvdsubtitleparsersubrip.obj
c:\kodi-build-wp\libkodi.dir\release\dvdsubtitletagsami.obj
c:\kodi-build-wp\libkodi.dir\release\overlayrendererutil.obj
c:\kodi-build-wp\libkodi.dir\release\debugrenderer.obj
c:\kodi-build-wp\libkodi.dir\release\remotecontrolxbox.obj
c:\kodi-build-wp\libkodi.dir\release\peripheralbususb.obj
c:\kodi-build-wp\libkodi.dir\release\dacp.obj
c:\kodi-build-wp\libkodi.dir\release\addonclass.obj
c:\kodi-build-wp\libkodi.dir\release\callbackfunction.obj
c:\kodi-build-wp\libkodi.dir\release\dialog.obj
c:\kodi-build-wp\libkodi.dir\release\modulexbmcplugin.obj
c:\kodi-build-wp\libkodi.dir\release\wsgiinputstream.obj
c:\kodi-build-wp\libkodi.dir\release\addonpythoninvoker.obj
c:\kodi-build-wp\libkodi.dir\release\upnpinternal.obj
c:\kodi-build-wp\libkodi.dir\release\httppythoninvoker.obj
c:\kodi-build-wp\libkodi.dir\release\videosettings.obj
c:\kodi-build-wp\libkodi.dir\release\activeaesink.obj
c:\kodi-build-wp\libkodi.dir\release\aesinkfactorywin.obj
c:\kodi-build-wp\libkodi.dir\release\dllloader.obj
c:\kodi-build-wp\libkodi.dir\release\dll_tracker_library.obj
c:\kodi-build-wp\libkodi.dir\release\codecfactory.obj
c:\kodi-build-wp\libkodi.dir\release\addonmanagementevent.obj
c:\kodi-build-wp\libkodi.dir\release\circularcache.obj
c:\kodi-build-wp\libkodi.dir\release\davfile.obj
c:\kodi-build-wp\libkodi.dir\release\favouritesdirectory.obj
c:\kodi-build-wp\libkodi.dir\release\filefactory.obj
c:\kodi-build-wp\libkodi.dir\release\pipefile.obj
c:\kodi-build-wp\libkodi.dir\release\pvrdirectory.obj
c:\kodi-build-wp\libkodi.dir\release\smartplaylistdirectory.obj
c:\kodi-build-wp\libkodi.dir\release\xbtmanager.obj
c:\kodi-build-wp\libkodi.dir\release\zipmanager.obj
c:\kodi-build-wp\libkodi.dir\release\directorynodealbumrecentlyadded.obj
c:\kodi-build-wp\libkodi.dir\release\directorynodesingles.obj
c:\kodi-build-wp\libkodi.dir\release\directorynodetitlemovies.obj
c:\kodi-build-wp\libkodi.dir\release\gameutils.obj
c:\kodi-build-wp\libkodi.dir\release\gameclientkeyboard.obj
c:\kodi-build-wp\libkodi.dir\release\controller.obj
c:\kodi-build-wp\libkodi.dir\release\guidialogbuttoncapture.obj
c:\kodi-build-wp\libkodi.dir\release\guiwheelbutton.obj
c:\kodi-build-wp\libkodi.dir\release\controllernode.obj
c:\kodi-build-wp\libkodi.dir\release\guidialogselectgameclient.obj
c:\kodi-build-wp\libkodi.dir\release\dialoggamevideorotation.obj
c:\kodi-build-wp\libkodi.dir\release\portnode.obj
c:\kodi-build-wp\libkodi.dir\release\guiwindowgames.obj
c:\kodi-build-wp\libkodi.dir\release\guicontrolbuiltins.obj
c:\kodi-build-wp\libkodi.dir\release\skinbuiltins.obj
c:\kodi-build-wp\libkodi.dir\release\applicationoperations.obj
c:\kodi-build-wp\libkodi.dir\release\jsonrpc.obj
c:\kodi-build-wp\libkodi.dir\release\textureoperations.obj
c:\kodi-build-wp\libkodi.dir\release\artist.obj
c:\kodi-build-wp\libkodi.dir\release\musicthumbloader.obj
c:\kodi-build-wp\libkodi.dir\release\musicinfoscanner.obj
c:\kodi-build-wp\libkodi.dir\release\musicfileitemlistmodifier.obj
c:\kodi-build-wp\libkodi.dir\release\dnsnamecache.obj
c:\kodi-build-wp\libkodi.dir\release\socket.obj
c:\kodi-build-wp\libkodi.dir\release\zeroconfbrowser.obj
c:\kodi-build-wp\libkodi.dir\release\websocketv13.obj
c:\kodi-build-wp\libkodi.dir\release\peripheraladdon.obj
c:\kodi-build-wp\libkodi.dir\release\peripheralmouse.obj
c:\kodi-build-wp\libkodi.dir\release\profile.obj
c:\kodi-build-wp\libkodi.dir\release\guidialoglocksettings.obj
c:\kodi-build-wp\libkodi.dir\release\pvrdatabase.obj
c:\kodi-build-wp\libkodi.dir\release\pvrchannel.obj
c:\kodi-build-wp\libkodi.dir\release\pvrradiordsinfotag.obj
c:\kodi-build-wp\libkodi.dir\release\guidialogpvrradiordsinfo.obj
c:\kodi-build-wp\libkodi.dir\release\epg.obj
c:\kodi-build-wp\libkodi.dir\release\epgtagscontainer.obj
c:\kodi-build-wp\libkodi.dir\release\pvrguiactionsclients.obj
c:\kodi-build-wp\libkodi.dir\release\pvrguichanneliconupdater.obj
c:\kodi-build-wp\libkodi.dir\release\pvrproviders.obj
c:\kodi-build-wp\libkodi.dir\release\guiviewstatepvr.obj
c:\kodi-build-wp\libkodi.dir\release\guiwindowpvrtimers.obj
c:\kodi-build-wp\libkodi.dir\release\retroplayerinput.obj
c:\kodi-build-wp\libkodi.dir\release\guigamecontrol.obj
c:\kodi-build-wp\libkodi.dir\release\savestatedatabase.obj
c:\kodi-build-wp\libkodi.dir\release\discsettings.obj
c:\kodi-build-wp\libkodi.dir\release\setting.obj
c:\kodi-build-wp\libkodi.dir\release\backgroundinfoloader.obj
c:\kodi-build-wp\libkodi.dir\release\dburl.obj
c:\kodi-build-wp\libkodi.dir\release\dynamicdll.obj
c:\kodi-build-wp\libkodi.dir\release\infoscanner.obj
c:\kodi-build-wp\libkodi.dir\release\passwordmanager.obj
c:\kodi-build-wp\libkodi.dir\release\servicebroker.obj
c:\kodi-build-wp\libkodi.dir\release\thumbloader.obj
c:\kodi-build-wp\libkodi.dir\release\addonbuilder.obj
c:\kodi-build-wp\libkodi.dir\release\addonupdaterules.obj
c:\kodi-build-wp\libkodi.dir\release\fontresource.obj
c:\kodi-build-wp\libkodi.dir\release\repository.obj
c:\kodi-build-wp\libkodi.dir\release\visualization.obj
c:\kodi-build-wp\libkodi.dir\release\guidialogaddoninfo.obj
c:\kodi-build-wp\libkodi.dir\release\label.obj
c:\kodi-build-wp\libkodi.dir\release\extendedprogressbar.obj
c:\kodi-build-wp\libkodi.dir\release\settingurlencodedstring.obj
c:\kodi-build-wp\libkodi.dir\release\applicationactionlisteners.obj
c:\kodi-build-wp\libkodi.dir\release\applicationplayer.obj
c:\kodi-build-wp\libkodi.dir\release\appparamparser.obj
c:\kodi-build-wp\libkodi.dir\release\sqlitedataset.obj
c:\kodi-build-wp\libkodi.dir\release\guidialogfilebrowser.obj
c:\kodi-build-wp\libkodi.dir\release\guidialogprogress.obj
c:\kodi-build-wp\libkodi.dir\release\guidialogtextviewer.obj
c:\kodi-build-wp\libkodi.dir\release\dirtyregiontracker.obj
c:\kodi-build-wp\libkodi.dir\release\guibuttoncontrol.obj
c:\kodi-build-wp\libkodi.dir\release\guicontrolfactory.obj
c:\kodi-build-wp\libkodi.dir\release\guilistgroup.obj
c:\kodi-build-wp\libkodi.dir\release\guipanelcontainer.obj
c:\kodi-build-wp\libkodi.dir\release\guispincontrolex.obj
c:\kodi-build-wp\libkodi.dir\release\guivideocontrol.obj
c:\kodi-build-wp\libkodi.dir\release\texturebundle.obj
c:\kodi-build-wp\libkodi.dir\release\texturebundlexbt.obj
c:\kodi-build-wp\libkodi.dir\release\picturesguiinfo.obj
c:\kodi-build-wp\libkodi.dir\release\apptranslator.obj
c:\kodi-build-wp\libkodi.dir\release\inputcodingtablebasepy.obj
c:\kodi-build-wp\libkodi.dir\release\sortutils.obj
c:\kodi-build-wp\libkodi.dir\release\guiviewstate.obj
c:\kodi-build-wp\libkodi.dir\release\windowsystemfactory.obj
c:\kodi-build-wp\libkodi.dir\release\videoinfoscanner.obj
c:\kodi-build-wp\libkodi.dir\release\guidialogvideoosd.obj
c:\kodi-build-wp\libkodi.dir\release\videolibraryjob.obj
c:\kodi-build-wp\libkodi.dir\release\videolibrarymarkwatchedjob.obj
c:\kodi-build-wp\libkodi.dir\release\guiwindowfullscreen.obj
c:\kodi-build-wp\libkodi.dir\release\dvdfileinfo.obj
c:\kodi-build-wp\libkodi.dir\release\videoplayervideo.obj
c:\kodi-build-wp\libkodi.dir\release\dvdoverlaycodeccctext.obj
c:\kodi-build-wp\libkodi.dir\release\cc_decoder708.obj
c:\kodi-build-wp\libkodi.dir\release\dvddemuxcc.obj
c:\kodi-build-wp\libkodi.dir\release\dvddemuxutils.obj
c:\kodi-build-wp\libkodi.dir\release\dvdinputstream.obj
c:\kodi-build-wp\libkodi.dir\release\dvdinputstreamffmpeg.obj
c:\kodi-build-wp\libkodi.dir\release\inputstreamaddon.obj
c:\kodi-build-wp\libkodi.dir\release\dvdsubtitleparsersami.obj
c:\kodi-build-wp\libkodi.dir\release\dvdsubtitleparserssa.obj
c:\kodi-build-wp\libkodi.dir\release\processinfo.obj
c:\kodi-build-wp\libkodi.dir\release\rendercapture.obj
c:\kodi-build-wp\libkodi.dir\release\rendermanager.obj
c:\kodi-build-wp\libkodi.dir\release\networkwin10.obj
c:\kodi-build-wp\libkodi.dir\release\infotagvideo.obj
c:\kodi-build-wp\libkodi.dir\release\windowxml.obj
c:\kodi-build-wp\libkodi.dir\release\upnpplayer.obj
c:\kodi-build-wp\libkodi.dir\release\httppythonhandler.obj
c:\kodi-build-wp\libkodi.dir\release\ffmpeg.obj
c:\kodi-build-wp\libkodi.dir\release\aelimiter.obj
c:\kodi-build-wp\libkodi.dir\release\activeaeresampleffmpeg.obj
c:\kodi-build-wp\libkodi.dir\release\dll.obj
c:\kodi-build-wp\libkodi.dir\release\dll_tracker_file.obj
c:\kodi-build-wp\libkodi.dir\release\emufilewrapper.obj
c:\kodi-build-wp\libkodi.dir\release\paplayer.obj
c:\kodi-build-wp\libkodi.dir\release\eventlog.obj
c:\kodi-build-wp\libkodi.dir\release\davcommon.obj
c:\kodi-build-wp\libkodi.dir\release\directory.obj
c:\kodi-build-wp\libkodi.dir\release\httpdirectory.obj
c:\kodi-build-wp\libkodi.dir\release\overridedirectory.obj
c:\kodi-build-wp\libkodi.dir\release\overridefile.obj
c:\kodi-build-wp\libkodi.dir\release\playlistfiledirectory.obj
c:\kodi-build-wp\libkodi.dir\release\resourcedirectory.obj
c:\kodi-build-wp\libkodi.dir\release\sourcesdirectory.obj
c:\kodi-build-wp\libkodi.dir\release\videodatabasefile.obj
c:\kodi-build-wp\libkodi.dir\release\udfdirectory.obj
c:\kodi-build-wp\libkodi.dir\release\directorynodealbum.obj
c:\kodi-build-wp\libkodi.dir\release\directorynodealbumtop100song.obj
c:\kodi-build-wp\libkodi.dir\release\directorynodeinprogresstvshows.obj
c:\kodi-build-wp\libkodi.dir\release\directorynoderecentlyaddedmusicvideos.obj
c:\kodi-build-wp\libkodi.dir\release\gameservices.obj
c:\kodi-build-wp\libkodi.dir\release\gameclientcheevos.obj
c:\kodi-build-wp\libkodi.dir\release\gameclientjoystick.obj
c:\kodi-build-wp\libkodi.dir\release\gameclientstreamvideo.obj
c:\kodi-build-wp\libkodi.dir\release\guidialogaxisdetection.obj
c:\kodi-build-wp\libkodi.dir\release\guifeaturebutton.obj
c:\kodi-build-wp\libkodi.dir\release\guicontrollerlist.obj
c:\kodi-build-wp\libkodi.dir\release\physicalport.obj
c:\kodi-build-wp\libkodi.dir\release\guiportwindow.obj
c:\kodi-build-wp\libkodi.dir\release\guicontainerbuiltins.obj
c:\kodi-build-wp\libkodi.dir\release\systembuiltins.obj
c:\kodi-build-wp\libkodi.dir\release\scriptrunner.obj
c:\kodi-build-wp\libkodi.dir\release\guioperations.obj
c:\kodi-build-wp\libkodi.dir\release\profilesoperations.obj
c:\kodi-build-wp\libkodi.dir\release\videolibrary.obj
c:\kodi-build-wp\libkodi.dir\release\guidialogmusicinfo.obj
c:\kodi-build-wp\libkodi.dir\release\musiclibraryexportjob.obj
c:\kodi-build-wp\libkodi.dir\release\musicinfotagloaderfactory.obj
c:\kodi-build-wp\libkodi.dir\release\guiwindowvisualisation.obj
c:\kodi-build-wp\libkodi.dir\release\addonbuttonmap.obj
c:\kodi-build-wp\libkodi.dir\release\peripheralbusapplication.obj
c:\kodi-build-wp\libkodi.dir\release\peripheraljoystick.obj
c:\kodi-build-wp\libkodi.dir\release\pvrcachedimage.obj
c:\kodi-build-wp\libkodi.dir\release\pvrcomponentregistration.obj
c:\kodi-build-wp\libkodi.dir\release\pvritem.obj
c:\kodi-build-wp\libkodi.dir\release\pvrclientmenuhooks.obj
c:\kodi-build-wp\libkodi.dir\release\pvrchannelgroupmember.obj
c:\kodi-build-wp\libkodi.dir\release\pvrchannelspath.obj
c:\kodi-build-wp\libkodi.dir\release\guidialogpvrguidecontrols.obj
c:\kodi-build-wp\libkodi.dir\release\guidialogpvrtimersettings.obj
c:\kodi-build-wp\libkodi.dir\release\pvrguiactionsepg.obj
c:\kodi-build-wp\libkodi.dir\release\pvrguichannelnavigator.obj
c:\kodi-build-wp\libkodi.dir\release\pvrrecording.obj
c:\kodi-build-wp\libkodi.dir\release\guiwindowpvrchannels.obj
c:\kodi-build-wp\libkodi.dir\release\retroplayer.obj
c:\kodi-build-wp\libkodi.dir\release\rprendererguitexture.obj
c:\kodi-build-wp\libkodi.dir\release\retroplayerstreamtypes.obj
c:\kodi-build-wp\libkodi.dir\release\retroplayervideo.obj
c:\kodi-build-wp\libkodi.dir\release\settingcontrol.obj
c:\kodi-build-wp\libkodi.dir\release\settingsbase.obj
c:\kodi-build-wp\libkodi.dir\release\subtitlessettings.obj
c:\kodi-build-wp\libkodi.dir\release\guidialogsettingsmanualbase.obj
c:\kodi-build-wp\libkodi.dir\release\guicontrolsettings.obj
c:\kodi-build-wp\libkodi.dir\release\guilargetexturemanager.obj
c:\kodi-build-wp\libkodi.dir\release\playlistplayer.obj
c:\kodi-build-wp\libkodi.dir\release\url.obj
c:\kodi-build-wp\libkodi.dir\release\addonstatushandler.obj
c:\kodi-build-wp\libkodi.dir\release\addonversion.obj
c:\kodi-build-wp\libkodi.dir\release\languageresource.obj
c:\kodi-build-wp\libkodi.dir\release\uisoundsresource.obj
c:\kodi-build-wp\libkodi.dir\release\addonextensions.obj
c:\kodi-build-wp\libkodi.dir\release\binaryaddonmanager.obj
c:\kodi-build-wp\libkodi.dir\release\guiviewstateaddonbrowser.obj
c:\kodi-build-wp\libkodi.dir\release\addonbase.obj
c:\kodi-build-wp\libkodi.dir\release\spin.obj
c:\kodi-build-wp\libkodi.dir\release\yesno.obj
c:\kodi-build-wp\libkodi.dir\release\applicationskinhandling.obj
c:\kodi-build-wp\libkodi.dir\release\dataset.obj
c:\kodi-build-wp\libkodi.dir\release\guidialogcache.obj
c:\kodi-build-wp\libkodi.dir\release\guidialogmediafilter.obj
c:\kodi-build-wp\libkodi.dir\release\guiwindowfavourites.obj
c:\kodi-build-wp\libkodi.dir\release\guicolorbuttoncontrol.obj
c:\kodi-build-wp\libkodi.dir\release\guicontrolgrouplist.obj
c:\kodi-build-wp\libkodi.dir\release\guifontcache.obj
c:\kodi-build-wp\libkodi.dir\release\guilabel.obj
c:\kodi-build-wp\libkodi.dir\release\guilistcontainer.obj
c:\kodi-build-wp\libkodi.dir\release\guimultiimage.obj
c:\kodi-build-wp\libkodi.dir\release\guispincontrol.obj
c:\kodi-build-wp\libkodi.dir\release\guivisualisationcontrol.obj
c:\kodi-build-wp\libkodi.dir\release\directxgraphics.obj
c:\kodi-build-wp\libkodi.dir\release\addonsguiinfo.obj
c:\kodi-build-wp\libkodi.dir\release\playerguiinfo.obj
c:\kodi-build-wp\libkodi.dir\release\inputcodingtablefactory.obj
c:\kodi-build-wp\libkodi.dir\release\keyboardstat.obj
c:\kodi-build-wp\libkodi.dir\release\touchtranslator.obj
c:\kodi-build-wp\libkodi.dir\release\rumblegenerator.obj
c:\kodi-build-wp\libkodi.dir\release\keyhandler.obj
c:\kodi-build-wp\libkodi.dir\release\keymapactionmap.obj
c:\kodi-build-wp\libkodi.dir\release\staticprovider.obj
c:\kodi-build-wp\libkodi.dir\release\guiwindowslideshow.obj
c:\kodi-build-wp\libkodi.dir\release\playlistpls.obj
c:\kodi-build-wp\libkodi.dir\release\ipowersyscall.obj
c:\kodi-build-wp\libkodi.dir\release\guiwindowprograms.obj
c:\kodi-build-wp\libkodi.dir\release\alarmclock.obj
c:\kodi-build-wp\libkodi.dir\release\cssutils.obj
c:\kodi-build-wp\libkodi.dir\release\databaseutils.obj
c:\kodi-build-wp\libkodi.dir\release\httprangeutils.obj
c:\kodi-build-wp\libkodi.dir\release\log.obj
c:\kodi-build-wp\libkodi.dir\release\savefilestatejob.obj
c:\kodi-build-wp\libkodi.dir\release\stringvalidation.obj
c:\kodi-build-wp\libkodi.dir\release\utf8utils.obj
c:\kodi-build-wp\libkodi.dir\release\vc1bitstreamparser.obj
c:\kodi-build-wp\libkodi.dir\release\xbmctinyxml.obj
c:\kodi-build-wp\libkodi.dir\release\weatherjob.obj
c:\kodi-build-wp\libkodi.dir\release\guiwindowpointer.obj
c:\kodi-build-wp\libkodi.dir\release\guiwindowsplash.obj
c:\kodi-build-wp\libkodi.dir\release\videodburl.obj
c:\kodi-build-wp\libkodi.dir\release\videoinfotag.obj
c:\kodi-build-wp\libkodi.dir\release\guidialogteletext.obj
c:\kodi-build-wp\libkodi.dir\release\guidialogcmssettings.obj
c:\kodi-build-wp\libkodi.dir\release\guiwindowvideobase.obj
c:\kodi-build-wp\libkodi.dir\release\videoplayerradiords.obj
c:\kodi-build-wp\libkodi.dir\release\dvdoverlaycodecffmpeg.obj
c:\kodi-build-wp\libkodi.dir\release\inputstreammultisource.obj
c:\kodi-build-wp\libkodi.dir\release\dvdinputstreambluray.obj
c:\kodi-build-wp\libkodi.dir\release\subtitleparserwebvtt.obj
c:\kodi-build-wp\libkodi.dir\release\overlayrenderer.obj
c:\kodi-build-wp\libkodi.dir\release\conversionmatrix.obj
c:\kodi-build-wp\libkodi.dir\release\drmcryptosession.obj
c:\kodi-build-wp\libkodi.dir\release\infotagpicture.obj
c:\kodi-build-wp\libkodi.dir\release\modulexbmcgui.obj
c:\kodi-build-wp\libkodi.dir\release\string.obj
c:\kodi-build-wp\libkodi.dir\release\windowdialog.obj
c:\kodi-build-wp\libkodi.dir\release\pycontext.obj
c:\kodi-build-wp\libkodi.dir\release\upnprenderer.obj
c:\kodi-build-wp\libkodi.dir\release\httprequesthandlerutils.obj
c:\kodi-build-wp\libkodi.dir\release\ihttprequesthandler.obj
c:\kodi-build-wp\libkodi.dir\release\datacachecore.obj
c:\kodi-build-wp\libkodi.dir\release\activeaestream.obj
c:\kodi-build-wp\libkodi.dir\release\aestreaminfo.obj
c:\kodi-build-wp\libkodi.dir\release\libraryloader.obj
c:\kodi-build-wp\libkodi.dir\release\videoplayercodec.obj
c:\kodi-build-wp\libkodi.dir\release\addonevent.obj
c:\kodi-build-wp\libkodi.dir\release\medialibraryevent.obj
c:\kodi-build-wp\libkodi.dir\release\davdirectory.obj
c:\kodi-build-wp\libkodi.dir\release\dlllibcurl.obj
c:\kodi-build-wp\libkodi.dir\release\ftpparse.obj
c:\kodi-build-wp\libkodi.dir\release\librarydirectory.obj
c:\kodi-build-wp\libkodi.dir\release\pipesmanager.obj
c:\kodi-build-wp\libkodi.dir\release\specialprotocoldirectory.obj
c:\kodi-build-wp\libkodi.dir\release\specialprotocolfile.obj
c:\kodi-build-wp\libkodi.dir\release\stackdirectory.obj
c:\kodi-build-wp\libkodi.dir\release\zipdirectory.obj
c:\kodi-build-wp\libkodi.dir\release\upnpfile.obj
c:\kodi-build-wp\libkodi.dir\release\directorynodealbumrecentlyplayed.obj
c:\kodi-build-wp\libkodi.dir\release\directorynodesongtop100.obj
c:\kodi-build-wp\libkodi.dir\release\directorynodetitlemusicvideos.obj
c:\kodi-build-wp\libkodi.dir\release\gameclient.obj
c:\kodi-build-wp\libkodi.dir\release\gameclientstreamaudio.obj
c:\kodi-build-wp\libkodi.dir\release\controllerinstaller.obj
c:\kodi-build-wp\libkodi.dir\release\guifeaturefactory.obj
c:\kodi-build-wp\libkodi.dir\release\physicalfeature.obj
c:\kodi-build-wp\libkodi.dir\release\dialoggameadvancedsettings.obj
c:\kodi-build-wp\libkodi.dir\release\dialoggamesaves.obj
c:\kodi-build-wp\libkodi.dir\release\portinput.obj
c:\kodi-build-wp\libkodi.dir\release\addonbuiltins.obj
c:\kodi-build-wp\libkodi.dir\release\pvrbuiltins.obj
c:\kodi-build-wp\libkodi.dir\release\favouritesoperations.obj
c:\kodi-build-wp\libkodi.dir\release\jsonutils.obj
c:\kodi-build-wp\libkodi.dir\release\playlistoperations.obj
c:\kodi-build-wp\libkodi.dir\release\xbmcoperations.obj
c:\kodi-build-wp\libkodi.dir\release\musicinfoloader.obj
c:\kodi-build-wp\libkodi.dir\release\guidialogmusicosd.obj
c:\kodi-build-wp\libkodi.dir\release\musicartistinfo.obj
c:\kodi-build-wp\libkodi.dir\release\musiclibraryprogressjob.obj
c:\kodi-build-wp\libkodi.dir\release\musiclibraryimportjob.obj
c:\kodi-build-wp\libkodi.dir\release\musicinfotagloaderffmpeg.obj
c:\kodi-build-wp\libkodi.dir\release\guiwindowmusicplaylist.obj
c:\kodi-build-wp\libkodi.dir\release\eventpacket.obj
c:\kodi-build-wp\libkodi.dir\release\wakeonaccess.obj
c:\kodi-build-wp\libkodi.dir\release\addoninputhandling.obj
c:\kodi-build-wp\libkodi.dir\release\peripheraldisk.obj
c:\kodi-build-wp\libkodi.dir\release\peripheralkeyboard.obj
c:\kodi-build-wp\libkodi.dir\release\guidialogperipheralsettings.obj
c:\kodi-build-wp\libkodi.dir\release\pvredl.obj
c:\kodi-build-wp\libkodi.dir\release\pvrstreamproperties.obj
c:\kodi-build-wp\libkodi.dir\release\pvrclientcapabilities.obj
c:\kodi-build-wp\libkodi.dir\release\pvrchannelgroupsettings.obj
c:\kodi-build-wp\libkodi.dir\release\pvrchannelgroupscontainer.obj
c:\kodi-build-wp\libkodi.dir\release\guidialogpvrchannelsosd.obj
c:\kodi-build-wp\libkodi.dir\release\guidialogpvrclientpriorities.obj
c:\kodi-build-wp\libkodi.dir\release\epgchanneldata.obj
c:\kodi-build-wp\libkodi.dir\release\pvrguidirectory.obj
c:\kodi-build-wp\libkodi.dir\release\pvrguiactionsplayback.obj
c:\kodi-build-wp\libkodi.dir\release\pvrrecordings.obj
c:\kodi-build-wp\libkodi.dir\release\pvrtimerspath.obj
c:\kodi-build-wp\libkodi.dir\release\guiwindowpvrguide.obj
c:\kodi-build-wp\libkodi.dir\release\retroplayerutils.obj
c:\kodi-build-wp\libkodi.dir\release\audiotranslator.obj
c:\kodi-build-wp\libkodi.dir\release\baserenderbuffer.obj
c:\kodi-build-wp\libkodi.dir\release\baserenderbufferpool.obj
c:\kodi-build-wp\libkodi.dir\release\gamewindowfullscreentext.obj
c:\kodi-build-wp\libkodi.dir\release\mediasettings.obj
c:\kodi-build-wp\libkodi.dir\release\skinsettings.obj
c:\kodi-build-wp\libkodi.dir\release\settingcategoryaccess.obj
c:\kodi-build-wp\libkodi.dir\release\settingrequirement.obj
c:\kodi-build-wp\libkodi.dir\release\guiwindowsettings.obj
c:\kodi-build-wp\libkodi.dir\release\autoswitch.obj
c:\kodi-build-wp\libkodi.dir\release\contextmenumanager.obj
c:\kodi-build-wp\libkodi.dir\release\mediasource.obj
c:\kodi-build-wp\libkodi.dir\release\partymodemanager.obj
c:\kodi-build-wp\libkodi.dir\release\filesysteminstaller.obj
c:\kodi-build-wp\libkodi.dir\release\repositoryupdater.obj
c:\kodi-build-wp\libkodi.dir\release\addoninfo.obj
c:\kodi-build-wp\libkodi.dir\release\guihelpers.obj
c:\kodi-build-wp\libkodi.dir\release\skintimer.obj
c:\kodi-build-wp\libkodi.dir\release\audioengine.obj
c:\kodi-build-wp\libkodi.dir\release\radiobutton.obj
c:\kodi-build-wp\libkodi.dir\release\numeric.obj
c:\kodi-build-wp\libkodi.dir\release\appenvironment.obj
c:\kodi-build-wp\libkodi.dir\release\applicationplayercallback.obj
c:\kodi-build-wp\libkodi.dir\release\appparams.obj
c:\kodi-build-wp\libkodi.dir\release\databasequery.obj
c:\kodi-build-wp\libkodi.dir\release\guidialogboxbase.obj
c:\kodi-build-wp\libkodi.dir\release\guidialogcolorpicker.obj
c:\kodi-build-wp\libkodi.dir\release\guidialogmediasource.obj
c:\kodi-build-wp\libkodi.dir\release\guidialogsubmenu.obj
c:\kodi-build-wp\libkodi.dir\release\guiviewstatefavourites.obj
c:\kodi-build-wp\libkodi.dir\release\favouritesservice.obj
c:\kodi-build-wp\libkodi.dir\release\guibasecontainer.obj
c:\kodi-build-wp\libkodi.dir\release\guieditcontrol.obj
c:\kodi-build-wp\libkodi.dir\release\guilabelcontrol.obj
c:\kodi-build-wp\libkodi.dir\release\guilistlabel.obj
c:\kodi-build-wp\libkodi.dir\release\guiprogresscontrol.obj
c:\kodi-build-wp\libkodi.dir\release\guislidercontrol.obj
c:\kodi-build-wp\libkodi.dir\release\guiwindow.obj
c:\kodi-build-wp\libkodi.dir\release\xbtf.obj
c:\kodi-build-wp\libkodi.dir\release\xbtfreader.obj
c:\kodi-build-wp\libkodi.dir\release\texturedx.obj
c:\kodi-build-wp\libkodi.dir\release\guiinfolabel.obj
c:\kodi-build-wp\libkodi.dir\release\systemguiinfo.obj
c:\kodi-build-wp\libkodi.dir\release\inputtranslator.obj
c:\kodi-build-wp\libkodi.dir\release\key.obj
c:\kodi-build-wp\libkodi.dir\release\keyboardlayoutmanager.obj
c:\kodi-build-wp\libkodi.dir\release\actiontranslator.obj
c:\kodi-build-wp\libkodi.dir\release\buttonmapping.obj
c:\kodi-build-wp\libkodi.dir\release\directoryprovider.obj
c:\kodi-build-wp\libkodi.dir\release\playlistb4s.obj
c:\kodi-build-wp\libkodi.dir\release\smartplaylistfileitemlistmodifier.obj
c:\kodi-build-wp\libkodi.dir\release\guiviewstateprograms.obj
c:\kodi-build-wp\libkodi.dir\release\event.obj
c:\kodi-build-wp\libkodi.dir\release\thread.obj
c:\kodi-build-wp\libkodi.dir\release\charsetdetection.obj
c:\kodi-build-wp\libkodi.dir\release\execstring.obj
c:\kodi-build-wp\libkodi.dir\release\htmlutil.obj
c:\kodi-build-wp\libkodi.dir\release\locale.obj
c:\kodi-build-wp\libkodi.dir\release\observer.obj
c:\kodi-build-wp\libkodi.dir\release\recentlyaddedjob.obj
c:\kodi-build-wp\libkodi.dir\release\timeutils.obj
c:\kodi-build-wp\libkodi.dir\release\urloptions.obj
c:\kodi-build-wp\libkodi.dir\release\viewdatabase.obj
c:\kodi-build-wp\libkodi.dir\release\osscreensaver.obj
c:\kodi-build-wp\libkodi.dir\release\guiwindowdebuginfo.obj
c:\kodi-build-wp\libkodi.dir\release\guiwindowstartup.obj
c:\kodi-build-wp\libkodi.dir\release\teletext.obj
c:\kodi-build-wp\libkodi.dir\release\videoutils.obj
c:\kodi-build-wp\libkodi.dir\release\guidialogvideoinfo.obj
c:\kodi-build-wp\libkodi.dir\release\videotagloaderffmpeg.obj
c:\kodi-build-wp\libkodi.dir\release\videofileitemlistmodifier.obj
c:\kodi-build-wp\libkodi.dir\release\dvdmessage.obj
c:\kodi-build-wp\libkodi.dir\release\videoplayeraudioid3.obj
c:\kodi-build-wp\libkodi.dir\release\dvdcodecutils.obj
c:\kodi-build-wp\libkodi.dir\release\dvdoverlaycodec.obj
c:\kodi-build-wp\libkodi.dir\release\dvdoverlaycodecssa.obj
c:\kodi-build-wp\libkodi.dir\release\addonvideocodec.obj
c:\kodi-build-wp\libkodi.dir\release\dvdfactorydemuxer.obj
c:\kodi-build-wp\libkodi.dir\release\dvdinputstreamfile.obj
c:\kodi-build-wp\libkodi.dir\release\inputstreampvrbase.obj
c:\kodi-build-wp\libkodi.dir\release\webvtthandler.obj
c:\kodi-build-wp\libkodi.dir\release\convolutionkernels.obj
c:\kodi-build-wp\libkodi.dir\release\processinfowin10.obj
c:\kodi-build-wp\libkodi.dir\release\control.obj
c:\kodi-build-wp\libkodi.dir\release\monitor.obj
c:\kodi-build-wp\libkodi.dir\release\wsgiresponsebody.obj
c:\kodi-build-wp\libkodi.dir\release\wsgiresponse.obj
c:\kodi-build-wp\libkodi.dir\release\xbpython.obj
c:\kodi-build-wp\libkodi.dir\release\httpfilehandler.obj
c:\kodi-build-wp\libkodi.dir\release\httpimagetransformationhandler.obj
c:\kodi-build-wp\libkodi.dir\release\httpwebinterfacehandler.obj
c:\kodi-build-wp\libkodi.dir\release\aeencoderffmpeg.obj
c:\kodi-build-wp\libkodi.dir\release\aebitstreampacker.obj
c:\kodi-build-wp\libkodi.dir\release\aesinkwasapi.obj
c:\kodi-build-wp\libkodi.dir\release\dll_util.obj
c:\kodi-build-wp\libkodi.dir\release\externalplayer.obj
c:\kodi-build-wp\libkodi.dir\release\guiviewstateeventlog.obj
c:\kodi-build-wp\libkodi.dir\release\kiss_fftr.obj
c:\kodi-build-wp\libkodi.dir\release\cachestrategy.obj
c:\kodi-build-wp\libkodi.dir\release\directoryfactory.obj
c:\kodi-build-wp\libkodi.dir\release\ifile.obj
c:\kodi-build-wp\libkodi.dir\release\imagefile.obj
c:\kodi-build-wp\libkodi.dir\release\multipathfile.obj
c:\kodi-build-wp\libkodi.dir\release\musicfiledirectory.obj
c:\kodi-build-wp\libkodi.dir\release\plugindirectory.obj
c:\kodi-build-wp\libkodi.dir\release\virtualdirectory.obj
c:\kodi-build-wp\libkodi.dir\release\udfblockinput.obj
c:\kodi-build-wp\libkodi.dir\release\bluraydirectory.obj
c:\kodi-build-wp\libkodi.dir\release\directorynodealbumrecentlyplayedsong.obj
c:\kodi-build-wp\libkodi.dir\release\directorynodetop100.obj
c:\kodi-build-wp\libkodi.dir\release\directorynoderecentlyaddedmovies.obj
c:\kodi-build-wp\libkodi.dir\release\directorynodetvshowsoverview.obj
c:\kodi-build-wp\libkodi.dir\release\gameclientcontroller.obj
c:\kodi-build-wp\libkodi.dir\release\gameclientmouse.obj
c:\kodi-build-wp\libkodi.dir\release\gameagentmanager.obj
c:\kodi-build-wp\libkodi.dir\release\guifeaturetranslator.obj
c:\kodi-build-wp\libkodi.dir\release\guiselectkeybutton.obj
c:\kodi-build-wp\libkodi.dir\release\controllerhub.obj
c:\kodi-build-wp\libkodi.dir\release\guifeaturelist.obj
c:\kodi-build-wp\libkodi.dir\release\dialoggamevolume.obj
c:\kodi-build-wp\libkodi.dir\release\guiportlist.obj
c:\kodi-build-wp\libkodi.dir\release\profilebuiltins.obj
c:\kodi-build-wp\libkodi.dir\release\runningscriptobserver.obj
c:\kodi-build-wp\libkodi.dir\release\skinvariable.obj
c:\kodi-build-wp\libkodi.dir\release\audiolibrary.obj
c:\kodi-build-wp\libkodi.dir\release\settingsoperations.obj
c:\kodi-build-wp\libkodi.dir\release\musicdatabase.obj
c:\kodi-build-wp\libkodi.dir\release\eventserver.obj
c:\kodi-build-wp\libkodi.dir\release\websocket.obj
c:\kodi-build-wp\libkodi.dir\release\eventscanner.obj
c:\kodi-build-wp\libkodi.dir\release\peripheralbus.obj
c:\kodi-build-wp\libkodi.dir\release\peripheralhid.obj
c:\kodi-build-wp\libkodi.dir\release\peripheraltuner.obj
c:\kodi-build-wp\libkodi.dir\release\pvrcontextmenus.obj
c:\kodi-build-wp\libkodi.dir\release\pvrclientuid.obj
c:\kodi-build-wp\libkodi.dir\release\pvrclients.obj
c:\kodi-build-wp\libkodi.dir\release\guidialogpvrguideinfo.obj
c:\kodi-build-wp\libkodi.dir\release\guidialogpvrrecordinginfo.obj
c:\kodi-build-wp\libkodi.dir\release\epgcontainer.obj
c:\kodi-build-wp\libkodi.dir\release\pvrguiactionlistener.obj
c:\kodi-build-wp\libkodi.dir\release\pvrguiactionsrecordings.obj
c:\kodi-build-wp\libkodi.dir\release\pvrprovider.obj
c:\kodi-build-wp\libkodi.dir\release\pvrtimers.obj
c:\kodi-build-wp\libkodi.dir\release\retroplayerautosave.obj
c:\kodi-build-wp\libkodi.dir\release\guirendertarget.obj
c:\kodi-build-wp\libkodi.dir\release\reversibleplayback.obj
c:\kodi-build-wp\libkodi.dir\release\retroplayeraudio.obj
c:\kodi-build-wp\libkodi.dir\release\settingaddon.obj
c:\kodi-build-wp\libkodi.dir\release\settingutils.obj
c:\kodi-build-wp\libkodi.dir\release\guidialogcontentsettings.obj
c:\kodi-build-wp\libkodi.dir\release\settingupdate.obj
c:\kodi-build-wp\libkodi.dir\release\guiwindowsettingsscreencalibration.obj
c:\kodi-build-wp\libkodi.dir\release\fileitem.obj
c:\kodi-build-wp\libkodi.dir\release\texturecachejob.obj
c:\kodi-build-wp\libkodi.dir\release\binaryaddoncache.obj
c:\kodi-build-wp\libkodi.dir\release\addonrepos.obj
c:\kodi-build-wp\libkodi.dir\release\extsmimesupportlist.obj
c:\kodi-build-wp\libkodi.dir\release\vfsentry.obj
c:\kodi-build-wp\libkodi.dir\release\addondll.obj
c:\kodi-build-wp\libkodi.dir\release\skintimermanager.obj
c:\kodi-build-wp\libkodi.dir\release\image.obj
c:\kodi-build-wp\libkodi.dir\release\contextmenu.obj
c:\kodi-build-wp\libkodi.dir\release\textviewer.obj
c:\kodi-build-wp\libkodi.dir\release\applicationsettingshandling.obj
c:\kodi-build-wp\libkodi.dir\release\exception.obj
c:\kodi-build-wp\libkodi.dir\release\qry_dat.obj
c:\kodi-build-wp\libkodi.dir\release\mysqldataset.obj
c:\kodi-build-wp\libkodi.dir\release\guidialoggamepad.obj
c:\kodi-build-wp\libkodi.dir\release\guidialognumeric.obj
c:\kodi-build-wp\libkodi.dir\release\guidialogsmartplaylisteditor.obj
c:\kodi-build-wp\libkodi.dir\release\dirtyregionsolvers.obj
c:\kodi-build-wp\libkodi.dir\release\guiaudiomanager.obj
c:\kodi-build-wp\libkodi.dir\release\guifadelabelcontrol.obj
c:\kodi-build-wp\libkodi.dir\release\guiimage.obj
c:\kodi-build-wp\libkodi.dir\release\guilistitem.obj
c:\kodi-build-wp\libkodi.dir\release\guitextlayout.obj
c:\kodi-build-wp\libkodi.dir\release\guiwrappinglistcontainer.obj
c:\kodi-build-wp\libkodi.dir\release\texturemanager.obj
c:\kodi-build-wp\libkodi.dir\release\guiinfo.obj
c:\kodi-build-wp\libkodi.dir\release\guiinfohelper.obj
c:\kodi-build-wp\libkodi.dir\release\guicontrolsguiinfo.obj
c:\kodi-build-wp\libkodi.dir\release\weatherguiinfo.obj
c:\kodi-build-wp\libkodi.dir\release\inertialscrollinghandler.obj
c:\kodi-build-wp\libkodi.dir\release\keyboardtranslator.obj
c:\kodi-build-wp\libkodi.dir\release\action.obj
c:\kodi-build-wp\libkodi.dir\release\buttonstat.obj
c:\kodi-build-wp\libkodi.dir\release\driverprimitive.obj
c:\kodi-build-wp\libkodi.dir\release\joystickeasteregg.obj
c:\kodi-build-wp\libkodi.dir\release\joysticktranslator.obj
c:\kodi-build-wp\libkodi.dir\release\keymaphandler.obj
c:\kodi-build-wp\libkodi.dir\release\mousestat.obj
c:\kodi-build-wp\libkodi.dir\release\mouseinputhandling.obj
c:\kodi-build-wp\libkodi.dir\release\applicationmessenger.obj
c:\kodi-build-wp\libkodi.dir\release\pictureinfoloader.obj
c:\kodi-build-wp\libkodi.dir\release\picturethumbloader.obj
c:\kodi-build-wp\libkodi.dir\release\playlistfactory.obj
c:\kodi-build-wp\libkodi.dir\release\playlistxml.obj
c:\kodi-build-wp\libkodi.dir\release\autorunmediajob.obj
c:\kodi-build-wp\libkodi.dir\release\timer.obj
c:\kodi-build-wp\libkodi.dir\release\archive.obj
c:\kodi-build-wp\libkodi.dir\release\colorutils.obj
c:\kodi-build-wp\libkodi.dir\release\cpuinfo.obj
c:\kodi-build-wp\libkodi.dir\release\fileextensionprovider.obj
c:\kodi-build-wp\libkodi.dir\release\jobmanager.obj
c:\kodi-build-wp\libkodi.dir\release\poutils.obj
c:\kodi-build-wp\libkodi.dir\release\progressjob.obj
c:\kodi-build-wp\libkodi.dir\release\screenshot.obj
c:\kodi-build-wp\libkodi.dir\release\uriutils.obj
c:\kodi-build-wp\libkodi.dir\release\viewstatesettings.obj
c:\kodi-build-wp\libkodi.dir\release\guimediawindow.obj
c:\kodi-build-wp\libkodi.dir\release\videoinfodownloader.obj
c:\kodi-build-wp\libkodi.dir\release\guidialogaudiosettings.obj
c:\kodi-build-wp\libkodi.dir\release\guidialogvideosettings.obj
c:\kodi-build-wp\libkodi.dir\release\guiwindowvideonav.obj
c:\kodi-build-wp\libkodi.dir\release\videoplayersubtitle.obj
c:\kodi-build-wp\libkodi.dir\release\videobuffer.obj
c:\kodi-build-wp\libkodi.dir\release\dvdaudiocodecffmpeg.obj
c:\kodi-build-wp\libkodi.dir\release\overlaycodecwebvtt.obj
c:\kodi-build-wp\libkodi.dir\release\dvdvideoppffmpeg.obj
c:\kodi-build-wp\libkodi.dir\release\dvddemuxffmpeg.obj
c:\kodi-build-wp\libkodi.dir\release\dvdsubtitlelinecollection.obj
c:\kodi-build-wp\libkodi.dir\release\dvdsubtitleparsermicrodvd.obj
c:\kodi-build-wp\libkodi.dir\release\dvdsubtitlestream.obj
c:\kodi-build-wp\libkodi.dir\release\baserenderer.obj
c:\kodi-build-wp\libkodi.dir\release\generictouchinputhandler.obj
c:\kodi-build-wp\libkodi.dir\release\dxerr.obj
c:\kodi-build-wp\libkodi.dir\release\upnp.obj
c:\kodi-build-wp\libkodi.dir\release\httpvfshandler.obj
c:\kodi-build-wp\libkodi.dir\release\httppythonwsgiinvoker.obj
c:\kodi-build-wp\libkodi.dir\release\activeae.obj
c:\kodi-build-wp\libkodi.dir\release\dllloadercontainer.obj
c:\kodi-build-wp\libkodi.dir\release\playercorefactory.obj
c:\kodi-build-wp\libkodi.dir\release\curlfile.obj
c:\kodi-build-wp\libkodi.dir\release\idirectory.obj
c:\kodi-build-wp\libkodi.dir\release\musicdatabasedirectory.obj
c:\kodi-build-wp\libkodi.dir\release\pluginfile.obj
c:\kodi-build-wp\libkodi.dir\release\shoutcastfile.obj
c:\kodi-build-wp\libkodi.dir\release\xbtdirectory.obj
c:\kodi-build-wp\libkodi.dir\release\bluraycallback.obj
c:\kodi-build-wp\libkodi.dir\release\upnpdirectory.obj
c:\kodi-build-wp\libkodi.dir\release\directorynodesong.obj
c:\kodi-build-wp\libkodi.dir\release\directorynodeseasons.obj
c:\kodi-build-wp\libkodi.dir\release\gameclientsubsystem.obj
c:\kodi-build-wp\libkodi.dir\release\gameclientinput.obj
c:\kodi-build-wp\libkodi.dir\release\controllertranslator.obj
c:\kodi-build-wp\libkodi.dir\release\controllerselect.obj
c:\kodi-build-wp\libkodi.dir\release\guiscalarfeaturebutton.obj
c:\kodi-build-wp\libkodi.dir\release\controllergrid.obj
c:\kodi-build-wp\libkodi.dir\release\dialoggameosd.obj
c:\kodi-build-wp\libkodi.dir\release\dialoggameosdhelp.obj
c:\kodi-build-wp\libkodi.dir\release\dialogingamesaves.obj
c:\kodi-build-wp\libkodi.dir\release\applicationbuiltins.obj
c:\kodi-build-wp\libkodi.dir\release\librarybuiltins.obj
c:\kodi-build-wp\libkodi.dir\release\infoexpression.obj
c:\kodi-build-wp\libkodi.dir\release\inputoperations.obj
c:\kodi-build-wp\libkodi.dir\release\pvroperations.obj
c:\kodi-build-wp\libkodi.dir\release\cryptosession.obj
c:\kodi-build-wp\libkodi.dir\release\album.obj
c:\kodi-build-wp\libkodi.dir\release\song.obj
c:\kodi-build-wp\libkodi.dir\release\guidialogsonginfo.obj
c:\kodi-build-wp\libkodi.dir\release\musicinfotagloadercdda.obj
c:\kodi-build-wp\libkodi.dir\release\taglibvfsstream.obj
c:\kodi-build-wp\libkodi.dir\release\guiwindowmusicbase.obj
c:\kodi-build-wp\libkodi.dir\release\tcpserver.obj
c:\kodi-build-wp\libkodi.dir\release\websocketmanager.obj
c:\kodi-build-wp\libkodi.dir\release\addonbuttonmapping.obj
c:\kodi-build-wp\libkodi.dir\release\peripheralbluetooth.obj
c:\kodi-build-wp\libkodi.dir\release\peripheralimon.obj
c:\kodi-build-wp\libkodi.dir\release\peripheralnyxboard.obj
c:\kodi-build-wp\libkodi.dir\release\pvrcachedimages.obj
c:\kodi-build-wp\libkodi.dir\release\pvreventlogjob.obj
c:\kodi-build-wp\libkodi.dir\release\pvrclient.obj
c:\kodi-build-wp\libkodi.dir\release\guidialogpvrchannelguide.obj
c:\kodi-build-wp\libkodi.dir\release\guidialogpvrrecordingsettings.obj
c:\kodi-build-wp\libkodi.dir\release\epgsearchpath.obj
c:\kodi-build-wp\libkodi.dir\release\guiepggridcontainermodel.obj
c:\kodi-build-wp\libkodi.dir\release\pvrguiactionsutils.obj
c:\kodi-build-wp\libkodi.dir\release\pvrguiactionspowermanagement.obj
c:\kodi-build-wp\libkodi.dir\release\pvrguitimerinfo.obj
c:\kodi-build-wp\libkodi.dir\release\pvrrecordingspath.obj
c:\kodi-build-wp\libkodi.dir\release\pvrtimerrulematcher.obj
c:\kodi-build-wp\libkodi.dir\release\pvrtimertype.obj
c:\kodi-build-wp\libkodi.dir\release\guiwindowpvrtimersbase.obj
c:\kodi-build-wp\libkodi.dir\release\guigamesettings.obj
c:\kodi-build-wp\libkodi.dir\release\guigamevideohandle.obj
c:\kodi-build-wp\libkodi.dir\release\guirendertargetfactory.obj
c:\kodi-build-wp\libkodi.dir\release\gamewindowfullscreen.obj
c:\kodi-build-wp\libkodi.dir\release\savestateflatbuffer.obj
c:\kodi-build-wp\libkodi.dir\release\mediasourcesettings.obj
c:\kodi-build-wp\libkodi.dir\release\settingsvalueflatjsonserializer.obj
c:\kodi-build-wp\libkodi.dir\release\guidialogsettingsmanagerbase.obj
c:\kodi-build-wp\libkodi.dir\release\settingdependency.obj
c:\kodi-build-wp\libkodi.dir\release\contextmenuitem.obj
c:\kodi-build-wp\libkodi.dir\release\fileitemlistmodification.obj
c:\kodi-build-wp\libkodi.dir\release\guiinfomanager.obj
c:\kodi-build-wp\libkodi.dir\release\servicemanager.obj
c:\kodi-build-wp\libkodi.dir\release\addonmanager.obj
c:\kodi-build-wp\libkodi.dir\release\imageresource.obj
c:\kodi-build-wp\libkodi.dir\release\screensaver.obj
c:\kodi-build-wp\libkodi.dir\release\webinterface.obj
c:\kodi-build-wp\libkodi.dir\release\addontype.obj
c:\kodi-build-wp\libkodi.dir\release\binaryaddonbase.obj
c:\kodi-build-wp\libkodi.dir\release\guiwindowaddonbrowser.obj
c:\kodi-build-wp\libkodi.dir\release\rendering.obj
c:\kodi-build-wp\libkodi.dir\release\filebrowser.obj
c:\kodi-build-wp\libkodi.dir\release\application.obj
c:\kodi-build-wp\libkodi.dir\release\guidialogkeyboardtouch.obj
c:\kodi-build-wp\libkodi.dir\release\guidialogok.obj
c:\kodi-build-wp\libkodi.dir\release\guidialogseekbar.obj
c:\kodi-build-wp\libkodi.dir\release\guidialogyesno.obj
c:\kodi-build-wp\libkodi.dir\release\favouritesurl.obj
c:\kodi-build-wp\libkodi.dir\release\guiborderedimage.obj
c:\kodi-build-wp\libkodi.dir\release\guicomponent.obj
c:\kodi-build-wp\libkodi.dir\release\guicontrollookup.obj
c:\kodi-build-wp\libkodi.dir\release\guifixedlistcontainer.obj
c:\kodi-build-wp\libkodi.dir\release\guikeyboardfactory.obj
c:\kodi-build-wp\libkodi.dir\release\guimessage.obj
c:\kodi-build-wp\libkodi.dir\release\guimovercontrol.obj
c:\kodi-build-wp\libkodi.dir\release\guiresizecontrol.obj
c:\kodi-build-wp\libkodi.dir\release\guisettingsslidercontrol.obj
c:\kodi-build-wp\libkodi.dir\release\guitextbox.obj
c:\kodi-build-wp\libkodi.dir\release\guiinfobool.obj
c:\kodi-build-wp\libkodi.dir\release\libraryguiinfo.obj
c:\kodi-build-wp\libkodi.dir\release\visualisationguiinfo.obj
c:\kodi-build-wp\libkodi.dir\release\gamepadtranslator.obj
c:\kodi-build-wp\libkodi.dir\release\inputmanager.obj
c:\kodi-build-wp\libkodi.dir\release\joystickutils.obj
c:\kodi-build-wp\libkodi.dir\release\keymaphandling.obj
c:\kodi-build-wp\libkodi.dir\release\ilistprovider.obj
c:\kodi-build-wp\libkodi.dir\release\exifparse.obj
c:\kodi-build-wp\libkodi.dir\release\guiwindowpictures.obj
c:\kodi-build-wp\libkodi.dir\release\playlistm3u.obj
c:\kodi-build-wp\libkodi.dir\release\dpmssupport.obj
c:\kodi-build-wp\libkodi.dir\release\mediamanager.obj
c:\kodi-build-wp\libkodi.dir\release\crc32.obj
c:\kodi-build-wp\libkodi.dir\release\endianswap.obj
c:\kodi-build-wp\libkodi.dir\release\embeddedart.obj
c:\kodi-build-wp\libkodi.dir\release\fileutils.obj
c:\kodi-build-wp\libkodi.dir\release\httpparser.obj
c:\kodi-build-wp\libkodi.dir\release\httpresponse.obj
c:\kodi-build-wp\libkodi.dir\release\jsonvariantparser.obj
c:\kodi-build-wp\libkodi.dir\release\mime.obj
c:\kodi-build-wp\libkodi.dir\release\scraperurl.obj
c:\kodi-build-wp\libkodi.dir\release\streamutils.obj
c:\kodi-build-wp\libkodi.dir\release\stringutils.obj
c:\kodi-build-wp\libkodi.dir\release\xsltutils.obj
c:\kodi-build-wp\libkodi.dir\release\weathermanager.obj
c:\kodi-build-wp\libkodi.dir\release\guiwindowhome.obj
c:\kodi-build-wp\libkodi.dir\release\guiwindowsysteminfo.obj
c:\kodi-build-wp\libkodi.dir\release\videothumbloader.obj
c:\kodi-build-wp\libkodi.dir\release\guidialogvideobookmarks.obj
c:\kodi-build-wp\libkodi.dir\release\videolibraryresetresumepointjob.obj
c:\kodi-build-wp\libkodi.dir\release\videotagloaderplugin.obj
c:\kodi-build-wp\libkodi.dir\release\guiwindowvideoplaylist.obj
c:\kodi-build-wp\libkodi.dir\release\videoplayer.obj
c:\kodi-build-wp\libkodi.dir\release\dvddemuxcdda.obj
c:\kodi-build-wp\libkodi.dir\release\dvddemuxclient.obj
c:\kodi-build-wp\libkodi.dir\release\dvdinputstreamstack.obj
c:\kodi-build-wp\libkodi.dir\release\inputstreampvrchannel.obj
c:\kodi-build-wp\libkodi.dir\release\dvdsubtitleslibass.obj
c:\kodi-build-wp\libkodi.dir\release\renderflags.obj
c:\kodi-build-wp\libkodi.dir\release\memutils.obj
c:\kodi-build-wp\libkodi.dir\release\win32interfaceforclog.obj
c:\kodi-build-wp\libkodi.dir\release\windowdialogmixin.obj
c:\kodi-build-wp\libkodi.dir\release\swig.obj
c:\kodi-build-wp\libkodi.dir\release\upnpsettings.obj
c:\kodi-build-wp\libkodi.dir\release\httpwebinterfaceaddonshandler.obj
c:\kodi-build-wp\libkodi.dir\release\xbmc\filesystem\file.cpp.obj
c:\kodi-build-wp\libkodi.dir\release\xbmc\filesystem\musicdatabasedirectory\directorynode.cpp.obj
c:\kodi-build-wp\libkodi.dir\release\xbmc\filesystem\musicdatabasedirectory\directorynodegrouped.cpp.obj
c:\kodi-build-wp\libkodi.dir\release\xbmc\filesystem\musicdatabasedirectory\directorynodeoverview.cpp.obj
c:\kodi-build-wp\libkodi.dir\release\xbmc\filesystem\musicdatabasedirectory\directorynoderoot.cpp.obj
c:\kodi-build-wp\libkodi.dir\release\xbmc\filesystem\musicdatabasedirectory\queryparams.cpp.obj
c:\kodi-build-wp\libkodi.dir\release\xbmc\filesystem\videodatabasedirectory\directorynode.cpp.obj
c:\kodi-build-wp\libkodi.dir\release\xbmc\filesystem\videodatabasedirectory\directorynodegrouped.cpp.obj
c:\kodi-build-wp\libkodi.dir\release\xbmc\filesystem\videodatabasedirectory\directorynoderoot.cpp.obj
c:\kodi-build-wp\libkodi.dir\release\xbmc\filesystem\videodatabasedirectory\queryparams.cpp.obj
c:\kodi-build-wp\libkodi.dir\release\xbmc\music\contextmenus.cpp.obj
c:\kodi-build-wp\libkodi.dir\release\xbmc\settings\gamesettings.cpp.obj
c:\kodi-build-wp\libkodi.dir\release\xbmc\settings\settingconditions.cpp.obj
c:\kodi-build-wp\libkodi.dir\release\xbmc\settings\lib\settingconditions.cpp.obj
c:\kodi-build-wp\libkodi.dir\release\xbmc\contextmenus.cpp.obj
c:\kodi-build-wp\libkodi.dir\release\xbmc\addons\audiodecoder.cpp.obj
c:\kodi-build-wp\libkodi.dir\release\xbmc\addons\contextmenus.cpp.obj
c:\kodi-build-wp\libkodi.dir\release\xbmc\addons\interfaces\filesystem.cpp.obj
c:\kodi-build-wp\libkodi.dir\release\xbmc\addons\interfaces\network.cpp.obj
c:\kodi-build-wp\libkodi.dir\release\xbmc\addons\interfaces\gui\listitem.cpp.obj
c:\kodi-build-wp\libkodi.dir\release\xbmc\addons\interfaces\gui\window.cpp.obj
c:\kodi-build-wp\libkodi.dir\release\xbmc\addons\interfaces\gui\controls\progress.cpp.obj
c:\kodi-build-wp\libkodi.dir\release\xbmc\addons\interfaces\gui\dialogs\keyboard.cpp.obj
c:\kodi-build-wp\libkodi.dir\release\xbmc\addons\interfaces\gui\dialogs\progress.cpp.obj
c:\kodi-build-wp\libkodi.dir\release\xbmc\favourites\contextmenus.cpp.obj
c:\kodi-build-wp\libkodi.dir\release\xbmc\platform\environment.cpp.obj
c:\kodi-build-wp\libkodi.dir\release\xbmc\playlists\playlist.cpp.obj
c:\kodi-build-wp\libkodi.dir\release\xbmc\video\contextmenus.cpp.obj
c:\kodi-build-wp\libkodi.dir\release\xbmc\platform\win10\environment.cpp.obj
c:\kodi-build-wp\libkodi.dir\release\xbmc\platform\win32\charsetconverter.cpp.obj
c:\kodi-build-wp\libkodi.dir\release\xbmc\platform\win32\filesystem.cpp.obj
c:\kodi-build-wp\libkodi.dir\release\xbmc\interfaces\legacy\addon.cpp.obj
c:\kodi-build-wp\libkodi.dir\release\xbmc\interfaces\legacy\callbackhandler.cpp.obj
c:\kodi-build-wp\libkodi.dir\release\xbmc\interfaces\legacy\file.cpp.obj
c:\kodi-build-wp\libkodi.dir\release\xbmc\interfaces\legacy\keyboard.cpp.obj
c:\kodi-build-wp\libkodi.dir\release\xbmc\interfaces\legacy\languagehook.cpp.obj
c:\kodi-build-wp\libkodi.dir\release\xbmc\interfaces\legacy\listitem.cpp.obj
c:\kodi-build-wp\libkodi.dir\release\xbmc\interfaces\legacy\playlist.cpp.obj
c:\kodi-build-wp\libkodi.dir\release\xbmc\interfaces\legacy\settings.cpp.obj
c:\kodi-build-wp\libkodi.dir\release\xbmc\interfaces\legacy\window.cpp.obj
c:\kodi-build-wp\libkodi.dir\release\xbmc\interfaces\python\callbackhandler.cpp.obj
c:\kodi-build-wp\libkodi.dir\release\xbmc\interfaces\python\languagehook.cpp.obj
c:\kodi-build-wp\libkodi.dir\release\xbmc\cores\paplayer\audiodecoder.cpp.obj
c:\kodi-build-wp\libkodi.dir\release\xbmc\filesystem\videodatabasedirectory\directorynodeoverview.cpp.obj
c:\kodi-build-wp\libkodi.dir\release\xbmc\games\gamesettings.cpp.obj
c:\kodi-build-wp\libkodi.dir\release\xbmc\network\network.cpp.obj
c:\kodi-build-wp\libkodi.dir\release\xbmc\settings\settings.cpp.obj
c:\kodi-build-wp\libkodi.dir\release\xbmc\addons\addon.cpp.obj
c:\kodi-build-wp\libkodi.dir\release\xbmc\addons\interfaces\general.cpp.obj
c:\kodi-build-wp\libkodi.dir\release\xbmc\addons\interfaces\gui\general.cpp.obj
c:\kodi-build-wp\libkodi.dir\release\xbmc\utils\charsetconverter.cpp.obj
c:\kodi-build-wp\cmakefiles\generate.stamp
c:\kodi-build-wp\release\libkodi.lib
c:\kodi-build-wp\libkodi.dir\release\priconfig.xml
c:\kodi-build-wp\libkodi.dir\release\priconfig.xml.intermediate
c:\kodi-build-wp\libkodi.dir\release\unfiltered.layout.resfiles
c:\kodi-build-wp\libkodi.dir\release\unfiltered.layout.resfiles.intermediate
c:\kodi-build-wp\libkodi.dir\release\filtered.layout.resfiles
c:\kodi-build-wp\libkodi.dir\release\filtered.layout.resfiles.intermediate
c:\kodi-build-wp\libkodi.dir\release\excluded.layout.resfiles
c:\kodi-build-wp\libkodi.dir\release\excluded.layout.resfiles.intermediate
c:\kodi-build-wp\libkodi.dir\release\resources.resfiles
c:\kodi-build-wp\libkodi.dir\release\resources.resfiles.intermediate
c:\kodi-build-wp\libkodi.dir\release\pri.resfiles
c:\kodi-build-wp\libkodi.dir\release\pri.resfiles.intermediate
c:\kodi-build-wp\release\libkodi.pri
c:\kodi-build-wp\libkodi.dir\release\qualifiers.txt
c:\kodi-build-wp\libkodi.dir\release\qualifiers.txt.intermediate
c:\kodi-build-wp\libkodi.dir\release\multiplequalifiersperdimensionfound.txt
c:\kodi-build-wp\libkodi.dir\release\dlluwphelper.obj
c:\kodi-build-wp\libkodi.dir\release\xbmc.tlog\cl.command.1.tlog
c:\kodi-build-wp\libkodi.dir\release\xbmc.tlog\cl.items.tlog
c:\kodi-build-wp\libkodi.dir\release\xbmc.tlog\cl.read.1.tlog
c:\kodi-build-wp\libkodi.dir\release\xbmc.tlog\cl.write.1.tlog
c:\kodi-build-wp\libkodi.dir\release\xbmc.tlog\custombuild.command.1.tlog
c:\kodi-build-wp\libkodi.dir\release\xbmc.tlog\custombuild.read.1.tlog
c:\kodi-build-wp\libkodi.dir\release\xbmc.tlog\custombuild.write.1.tlog
c:\kodi-build-wp\libkodi.dir\release\xbmc.tlog\lib-link.read.1.tlog
c:\kodi-build-wp\libkodi.dir\release\xbmc.tlog\lib-link.write.1.tlog
c:\kodi-build-wp\libkodi.dir\release\xbmc.tlog\lib.command.1.tlog
c:\kodi-build-wp\libkodi.dir\release\xbmc.tlog\xbmc.read.1u.tlog
c:\kodi-build-wp\libkodi.dir\release\xbmc.tlog\xbmc.write.1u.tlog
