c:\kodi-build-wp\compileinfo.dir\release\compileinfo.pdb
c:\kodi-build-wp\compileinfo.dir\release\compileinfo.obj
c:\kodi-build-wp\compileinfo.dir\release\compileinfo.lib
c:\kodi-build-wp\compileinfo.dir\release\priconfig.xml
c:\kodi-build-wp\compileinfo.dir\release\priconfig.xml.intermediate
c:\kodi-build-wp\compileinfo.dir\release\unfiltered.layout.resfiles
c:\kodi-build-wp\compileinfo.dir\release\unfiltered.layout.resfiles.intermediate
c:\kodi-build-wp\compileinfo.dir\release\filtered.layout.resfiles
c:\kodi-build-wp\compileinfo.dir\release\filtered.layout.resfiles.intermediate
c:\kodi-build-wp\compileinfo.dir\release\excluded.layout.resfiles
c:\kodi-build-wp\compileinfo.dir\release\excluded.layout.resfiles.intermediate
c:\kodi-build-wp\compileinfo.dir\release\resources.resfiles
c:\kodi-build-wp\compileinfo.dir\release\resources.resfiles.intermediate
c:\kodi-build-wp\compileinfo.dir\release\pri.resfiles
c:\kodi-build-wp\compileinfo.dir\release\pri.resfiles.intermediate
c:\kodi-build-wp\compileinfo.dir\release\compileinfo.pri
c:\kodi-build-wp\compileinfo.dir\release\qualifiers.txt
c:\kodi-build-wp\compileinfo.dir\release\qualifiers.txt.intermediate
c:\kodi-build-wp\compileinfo.dir\release\multiplequalifiersperdimensionfound.txt
c:\kodi-build-wp\build\xbmc\compileinfo.cpp
c:\kodi-build-wp\addons\kodi.binary.global.audioengine\addon.xml
c:\kodi-build-wp\addons\kodi.binary.global.filesystem\addon.xml
c:\kodi-build-wp\addons\kodi.binary.global.general\addon.xml
c:\kodi-build-wp\addons\kodi.binary.global.gui\addon.xml
c:\kodi-build-wp\addons\kodi.binary.global.main\addon.xml
c:\kodi-build-wp\addons\kodi.binary.global.network\addon.xml
c:\kodi-build-wp\addons\kodi.binary.global.tools\addon.xml
c:\kodi-build-wp\addons\kodi.binary.instance.audiodecoder\addon.xml
c:\kodi-build-wp\addons\kodi.binary.instance.audioencoder\addon.xml
c:\kodi-build-wp\addons\kodi.binary.instance.game\addon.xml
c:\kodi-build-wp\addons\kodi.binary.instance.imagedecoder\addon.xml
c:\kodi-build-wp\addons\kodi.binary.instance.inputstream\addon.xml
c:\kodi-build-wp\addons\kodi.binary.instance.peripheral\addon.xml
c:\kodi-build-wp\addons\kodi.binary.instance.pvr\addon.xml
c:\kodi-build-wp\addons\kodi.binary.instance.screensaver\addon.xml
c:\kodi-build-wp\addons\kodi.binary.instance.vfs\addon.xml
c:\kodi-build-wp\addons\kodi.binary.instance.videocodec\addon.xml
c:\kodi-build-wp\addons\kodi.binary.instance.visualization\addon.xml
c:\kodi-build-wp\addons\xbmc.addon\addon.xml
c:\kodi-build-wp\cmakefiles\generate.stamp
c:\kodi-build-wp\compileinfo.dir\release\compileinfo.tlog\cl.command.1.tlog
c:\kodi-build-wp\compileinfo.dir\release\compileinfo.tlog\cl.items.tlog
c:\kodi-build-wp\compileinfo.dir\release\compileinfo.tlog\cl.read.1.tlog
c:\kodi-build-wp\compileinfo.dir\release\compileinfo.tlog\cl.write.1.tlog
c:\kodi-build-wp\compileinfo.dir\release\compileinfo.tlog\compileinfo.read.1u.tlog
c:\kodi-build-wp\compileinfo.dir\release\compileinfo.tlog\compileinfo.write.1u.tlog
c:\kodi-build-wp\compileinfo.dir\release\compileinfo.tlog\custombuild.command.1.tlog
c:\kodi-build-wp\compileinfo.dir\release\compileinfo.tlog\custombuild.read.1.tlog
c:\kodi-build-wp\compileinfo.dir\release\compileinfo.tlog\custombuild.write.1.tlog
c:\kodi-build-wp\compileinfo.dir\release\compileinfo.tlog\lib-link.read.1.tlog
c:\kodi-build-wp\compileinfo.dir\release\compileinfo.tlog\lib-link.write.1.tlog
c:\kodi-build-wp\compileinfo.dir\release\compileinfo.tlog\lib.command.1.tlog
