c:\kodi-build-wp\cmakefiles\generate.stamp
c:\kodi-build-wp\resources.dir\release\resources.lib
c:\kodi-build-wp\resources.dir\release\xbmc_pc.res
c:\kodi-build-wp\resources.dir\release\resources.vcxproj.assemblyreference.cache
c:\kodi-build-wp\resources.dir\release\priconfig.xml
c:\kodi-build-wp\resources.dir\release\priconfig.xml.intermediate
c:\kodi-build-wp\resources.dir\release\unfiltered.layout.resfiles
c:\kodi-build-wp\resources.dir\release\unfiltered.layout.resfiles.intermediate
c:\kodi-build-wp\resources.dir\release\filtered.layout.resfiles
c:\kodi-build-wp\resources.dir\release\filtered.layout.resfiles.intermediate
c:\kodi-build-wp\resources.dir\release\excluded.layout.resfiles
c:\kodi-build-wp\resources.dir\release\excluded.layout.resfiles.intermediate
c:\kodi-build-wp\resources.dir\release\resources.resfiles
c:\kodi-build-wp\resources.dir\release\resources.resfiles.intermediate
c:\kodi-build-wp\resources.dir\release\pri.resfiles
c:\kodi-build-wp\resources.dir\release\pri.resfiles.intermediate
c:\kodi-build-wp\resources.dir\release\resources.pri
c:\kodi-build-wp\resources.dir\release\qualifiers.txt
c:\kodi-build-wp\resources.dir\release\qualifiers.txt.intermediate
c:\kodi-build-wp\resources.dir\release\multiplequalifiersperdimensionfound.txt
c:\kodi-build-wp\resources.dir\release\resources.tlog\custombuild.command.1.tlog
c:\kodi-build-wp\resources.dir\release\resources.tlog\custombuild.read.1.tlog
c:\kodi-build-wp\resources.dir\release\resources.tlog\custombuild.write.1.tlog
c:\kodi-build-wp\resources.dir\release\resources.tlog\lib-link-cvtres.read.1.tlog
c:\kodi-build-wp\resources.dir\release\resources.tlog\lib-link-cvtres.write.1.tlog
c:\kodi-build-wp\resources.dir\release\resources.tlog\lib.command.1.tlog
c:\kodi-build-wp\resources.dir\release\resources.tlog\rc.command.1.tlog
c:\kodi-build-wp\resources.dir\release\resources.tlog\rc.read.1.tlog
c:\kodi-build-wp\resources.dir\release\resources.tlog\rc.write.1.tlog
c:\kodi-build-wp\resources.dir\release\resources.tlog\resources.read.1u.tlog
c:\kodi-build-wp\resources.dir\release\resources.tlog\resources.write.1u.tlog
